2019-02-12 12:16:43,881 [Worker-28: Creating project "App1"] INFO  o.e.m.c.i.l.LifecycleMappingFactory - Using org.eclipse.m2e.jdt.JarLifecycleMapping lifecycle mapping for MavenProject: com.cts:App1:0.0.1-SNAPSHOT @ /Users/praveen/Training/Cognizant/Spring Boot/Boot-WS/App1/pom.xml.
2019-02-12 12:16:44,371 [Worker-28: Creating project "App1"] INFO  o.e.m.j.i.AbstractJavaProjectConfigurator - Adding source folder /App1/src/main/java
2019-02-12 12:16:44,373 [Worker-28: Creating project "App1"] INFO  o.e.m.j.i.AbstractJavaProjectConfigurator - Adding resource folder /App1/src/main/resources
2019-02-12 12:16:44,373 [Worker-28: Creating project "App1"] INFO  o.e.m.j.i.AbstractJavaProjectConfigurator - Adding source folder /App1/src/test/java
2019-02-12 12:16:44,373 [Worker-28: Creating project "App1"] INFO  o.e.m.j.i.AbstractJavaProjectConfigurator - Adding resource folder /App1/src/test/resources
2019-02-12 12:16:44,519 [Worker-28: Auto share git projects] WARN  org.eclipse.jgit.util.FS - null
2019-02-12 12:16:44,726 [Worker-28: Building workspace] WARN  o.e.m.c.i.embedder.EclipseLogger - Using platform encoding (UTF-8 actually) to copy filtered resources, i.e. build is platform dependent!
2019-02-12 12:16:44,732 [Worker-28: Building workspace] INFO  o.e.m.c.i.embedder.EclipseLogger - Copying 0 resource
2019-02-12 12:16:44,734 [Worker-28: Building workspace] WARN  o.e.m.c.i.embedder.EclipseLogger - Using platform encoding (UTF-8 actually) to copy filtered resources, i.e. build is platform dependent!
2019-02-12 12:16:44,735 [Worker-28: Building workspace] INFO  o.e.m.c.i.embedder.EclipseLogger - Copying 0 resource
2019-02-12 12:55:52,673 [Worker-32: Building workspace] WARN  o.e.m.c.i.embedder.EclipseLogger - Using platform encoding (UTF-8 actually) to copy filtered resources, i.e. build is platform dependent!
2019-02-12 12:55:52,681 [Worker-32: Building workspace] INFO  o.e.m.c.i.embedder.EclipseLogger - Copying 0 resource
2019-02-12 12:55:52,683 [Worker-32: Building workspace] WARN  o.e.m.c.i.embedder.EclipseLogger - Using platform encoding (UTF-8 actually) to copy filtered resources, i.e. build is platform dependent!
2019-02-12 12:55:52,683 [Worker-32: Building workspace] INFO  o.e.m.c.i.embedder.EclipseLogger - Copying 0 resource
2019-02-12 12:56:18,694 [Worker-31: Building workspace] WARN  o.e.m.c.i.embedder.EclipseLogger - Using platform encoding (UTF-8 actually) to copy filtered resources, i.e. build is platform dependent!
2019-02-12 12:56:18,695 [Worker-31: Building workspace] INFO  o.e.m.c.i.embedder.EclipseLogger - Copying 0 resource
2019-02-12 12:56:18,696 [Worker-31: Building workspace] WARN  o.e.m.c.i.embedder.EclipseLogger - Using platform encoding (UTF-8 actually) to copy filtered resources, i.e. build is platform dependent!
2019-02-12 12:56:18,697 [Worker-31: Building workspace] INFO  o.e.m.c.i.embedder.EclipseLogger - Copying 0 resource
2019-02-12 12:56:39,075 [Worker-28: Building workspace] INFO  o.e.m.c.i.l.LifecycleMappingFactory - Using org.eclipse.m2e.jdt.JarLifecycleMapping lifecycle mapping for MavenProject: com.cts:App1:0.0.1-SNAPSHOT @ /Users/praveen/Training/Cognizant/Spring Boot/Boot-WS/App1/pom.xml.
2019-02-12 12:56:39,264 [Worker-28: Building workspace] WARN  o.e.m.c.i.embedder.EclipseLogger - Using platform encoding (UTF-8 actually) to copy filtered resources, i.e. build is platform dependent!
2019-02-12 12:56:39,267 [Worker-28: Building workspace] INFO  o.e.m.c.i.embedder.EclipseLogger - Copying 0 resource
2019-02-12 12:56:39,270 [Worker-28: Building workspace] WARN  o.e.m.c.i.embedder.EclipseLogger - Using platform encoding (UTF-8 actually) to copy filtered resources, i.e. build is platform dependent!
2019-02-12 12:56:39,272 [Worker-28: Building workspace] INFO  o.e.m.c.i.embedder.EclipseLogger - Copying 0 resource
2019-02-12 12:57:36,366 [Worker-31: Building workspace] INFO  o.e.m.c.i.l.LifecycleMappingFactory - Using org.eclipse.m2e.jdt.JarLifecycleMapping lifecycle mapping for MavenProject: com.cts:App1:0.0.1-SNAPSHOT @ /Users/praveen/Training/Cognizant/Spring Boot/Boot-WS/App1/pom.xml.
2019-02-12 12:57:36,511 [Worker-31: Building workspace] WARN  o.e.m.c.i.embedder.EclipseLogger - Using platform encoding (UTF-8 actually) to copy filtered resources, i.e. build is platform dependent!
2019-02-12 12:57:36,518 [Worker-31: Building workspace] INFO  o.e.m.c.i.embedder.EclipseLogger - Copying 0 resource
2019-02-12 12:57:36,520 [Worker-31: Building workspace] WARN  o.e.m.c.i.embedder.EclipseLogger - Using platform encoding (UTF-8 actually) to copy filtered resources, i.e. build is platform dependent!
2019-02-12 12:57:36,522 [Worker-31: Building workspace] INFO  o.e.m.c.i.embedder.EclipseLogger - Copying 0 resource
2019-02-12 12:57:37,804 [Worker-28: Building workspace] WARN  o.e.m.c.i.embedder.EclipseLogger - Using platform encoding (UTF-8 actually) to copy filtered resources, i.e. build is platform dependent!
2019-02-12 12:57:37,805 [Worker-28: Building workspace] INFO  o.e.m.c.i.embedder.EclipseLogger - Copying 0 resource
2019-02-12 12:57:37,806 [Worker-28: Building workspace] WARN  o.e.m.c.i.embedder.EclipseLogger - Using platform encoding (UTF-8 actually) to copy filtered resources, i.e. build is platform dependent!
2019-02-12 12:57:37,807 [Worker-28: Building workspace] INFO  o.e.m.c.i.embedder.EclipseLogger - Copying 0 resource
2019-02-12 12:58:54,053 [Worker-27: Building workspace] WARN  o.e.m.c.i.embedder.EclipseLogger - Using platform encoding (UTF-8 actually) to copy filtered resources, i.e. build is platform dependent!
2019-02-12 12:58:54,062 [Worker-27: Building workspace] INFO  o.e.m.c.i.embedder.EclipseLogger - Copying 1 resource
2019-02-12 12:58:54,073 [Worker-27: Building workspace] WARN  o.e.m.c.i.embedder.EclipseLogger - Using platform encoding (UTF-8 actually) to copy filtered resources, i.e. build is platform dependent!
2019-02-12 12:58:54,074 [Worker-27: Building workspace] INFO  o.e.m.c.i.embedder.EclipseLogger - Copying 0 resource
2019-02-12 12:58:55,083 [Worker-27: Building workspace] WARN  o.e.m.c.i.embedder.EclipseLogger - Using platform encoding (UTF-8 actually) to copy filtered resources, i.e. build is platform dependent!
2019-02-12 12:58:55,084 [Worker-27: Building workspace] INFO  o.e.m.c.i.embedder.EclipseLogger - Copying 0 resource
2019-02-12 12:58:55,085 [Worker-27: Building workspace] WARN  o.e.m.c.i.embedder.EclipseLogger - Using platform encoding (UTF-8 actually) to copy filtered resources, i.e. build is platform dependent!
2019-02-12 12:58:55,086 [Worker-27: Building workspace] INFO  o.e.m.c.i.embedder.EclipseLogger - Copying 0 resource
2019-02-12 12:59:43,506 [Worker-28: Building workspace] WARN  o.e.m.c.i.embedder.EclipseLogger - Using platform encoding (UTF-8 actually) to copy filtered resources, i.e. build is platform dependent!
2019-02-12 12:59:43,513 [Worker-28: Building workspace] INFO  o.e.m.c.i.embedder.EclipseLogger - Copying 1 resource
2019-02-12 12:59:43,514 [Worker-28: Building workspace] WARN  o.e.m.c.i.embedder.EclipseLogger - Using platform encoding (UTF-8 actually) to copy filtered resources, i.e. build is platform dependent!
2019-02-12 12:59:43,515 [Worker-28: Building workspace] INFO  o.e.m.c.i.embedder.EclipseLogger - Copying 0 resource
2019-02-12 13:00:07,075 [Worker-32: Building workspace] WARN  o.e.m.c.i.embedder.EclipseLogger - Using platform encoding (UTF-8 actually) to copy filtered resources, i.e. build is platform dependent!
2019-02-12 13:00:07,078 [Worker-32: Building workspace] INFO  o.e.m.c.i.embedder.EclipseLogger - Copying 1 resource
2019-02-12 13:00:07,079 [Worker-32: Building workspace] WARN  o.e.m.c.i.embedder.EclipseLogger - Using platform encoding (UTF-8 actually) to copy filtered resources, i.e. build is platform dependent!
2019-02-12 13:00:07,080 [Worker-32: Building workspace] INFO  o.e.m.c.i.embedder.EclipseLogger - Copying 0 resource
2019-02-12 13:00:42,077 [Worker-27: Building workspace] WARN  o.e.m.c.i.embedder.EclipseLogger - Using platform encoding (UTF-8 actually) to copy filtered resources, i.e. build is platform dependent!
2019-02-12 13:00:42,079 [Worker-27: Building workspace] INFO  o.e.m.c.i.embedder.EclipseLogger - Copying 1 resource
2019-02-12 13:00:42,080 [Worker-27: Building workspace] WARN  o.e.m.c.i.embedder.EclipseLogger - Using platform encoding (UTF-8 actually) to copy filtered resources, i.e. build is platform dependent!
2019-02-12 13:00:42,081 [Worker-27: Building workspace] INFO  o.e.m.c.i.embedder.EclipseLogger - Copying 0 resource
2019-02-12 13:01:05,471 [Worker-29: Building workspace] WARN  o.e.m.c.i.embedder.EclipseLogger - Using platform encoding (UTF-8 actually) to copy filtered resources, i.e. build is platform dependent!
2019-02-12 13:01:05,473 [Worker-29: Building workspace] INFO  o.e.m.c.i.embedder.EclipseLogger - Copying 1 resource
2019-02-12 13:01:05,480 [Worker-29: Building workspace] WARN  o.e.m.c.i.embedder.EclipseLogger - Using platform encoding (UTF-8 actually) to copy filtered resources, i.e. build is platform dependent!
2019-02-12 13:01:05,481 [Worker-29: Building workspace] INFO  o.e.m.c.i.embedder.EclipseLogger - Copying 0 resource
2019-02-12 13:01:18,573 [Worker-33: Building workspace] WARN  o.e.m.c.i.embedder.EclipseLogger - Using platform encoding (UTF-8 actually) to copy filtered resources, i.e. build is platform dependent!
2019-02-12 13:01:18,575 [Worker-33: Building workspace] INFO  o.e.m.c.i.embedder.EclipseLogger - Copying 1 resource
2019-02-12 13:01:18,576 [Worker-33: Building workspace] WARN  o.e.m.c.i.embedder.EclipseLogger - Using platform encoding (UTF-8 actually) to copy filtered resources, i.e. build is platform dependent!
2019-02-12 13:01:18,577 [Worker-33: Building workspace] INFO  o.e.m.c.i.embedder.EclipseLogger - Copying 0 resource
2019-02-12 13:01:28,090 [Worker-32: Building workspace] WARN  o.e.m.c.i.embedder.EclipseLogger - Using platform encoding (UTF-8 actually) to copy filtered resources, i.e. build is platform dependent!
2019-02-12 13:01:28,091 [Worker-32: Building workspace] INFO  o.e.m.c.i.embedder.EclipseLogger - Copying 1 resource
2019-02-12 13:01:28,092 [Worker-32: Building workspace] WARN  o.e.m.c.i.embedder.EclipseLogger - Using platform encoding (UTF-8 actually) to copy filtered resources, i.e. build is platform dependent!
2019-02-12 13:01:28,093 [Worker-32: Building workspace] INFO  o.e.m.c.i.embedder.EclipseLogger - Copying 0 resource
2019-02-12 13:02:36,505 [Worker-32: Building workspace] WARN  o.e.m.c.i.embedder.EclipseLogger - Using platform encoding (UTF-8 actually) to copy filtered resources, i.e. build is platform dependent!
2019-02-12 13:02:36,506 [Worker-32: Building workspace] INFO  o.e.m.c.i.embedder.EclipseLogger - Copying 1 resource
2019-02-12 13:02:36,507 [Worker-32: Building workspace] WARN  o.e.m.c.i.embedder.EclipseLogger - Using platform encoding (UTF-8 actually) to copy filtered resources, i.e. build is platform dependent!
2019-02-12 13:02:36,508 [Worker-32: Building workspace] INFO  o.e.m.c.i.embedder.EclipseLogger - Copying 0 resource
2019-02-12 13:02:54,716 [Worker-33: Building workspace] WARN  o.e.m.c.i.embedder.EclipseLogger - Using platform encoding (UTF-8 actually) to copy filtered resources, i.e. build is platform dependent!
2019-02-12 13:02:54,719 [Worker-33: Building workspace] INFO  o.e.m.c.i.embedder.EclipseLogger - Copying 1 resource
2019-02-12 13:02:54,720 [Worker-33: Building workspace] WARN  o.e.m.c.i.embedder.EclipseLogger - Using platform encoding (UTF-8 actually) to copy filtered resources, i.e. build is platform dependent!
2019-02-12 13:02:54,721 [Worker-33: Building workspace] INFO  o.e.m.c.i.embedder.EclipseLogger - Copying 0 resource
2019-02-12 13:03:07,024 [Worker-29: Building workspace] WARN  o.e.m.c.i.embedder.EclipseLogger - Using platform encoding (UTF-8 actually) to copy filtered resources, i.e. build is platform dependent!
2019-02-12 13:03:07,025 [Worker-29: Building workspace] INFO  o.e.m.c.i.embedder.EclipseLogger - Copying 1 resource
2019-02-12 13:03:07,027 [Worker-29: Building workspace] WARN  o.e.m.c.i.embedder.EclipseLogger - Using platform encoding (UTF-8 actually) to copy filtered resources, i.e. build is platform dependent!
2019-02-12 13:03:07,028 [Worker-29: Building workspace] INFO  o.e.m.c.i.embedder.EclipseLogger - Copying 0 resource
2019-02-12 13:03:13,188 [Worker-33: Launching Test (1)] WARN  o.e.m.c.i.embedder.EclipseLogger - Using platform encoding (UTF-8 actually) to copy filtered resources, i.e. build is platform dependent!
2019-02-12 13:03:13,190 [Worker-33: Launching Test (1)] INFO  o.e.m.c.i.embedder.EclipseLogger - Copying 1 resource
2019-02-12 13:03:13,191 [Worker-33: Launching Test (1)] WARN  o.e.m.c.i.embedder.EclipseLogger - Using platform encoding (UTF-8 actually) to copy filtered resources, i.e. build is platform dependent!
2019-02-12 13:03:13,193 [Worker-33: Launching Test (1)] INFO  o.e.m.c.i.embedder.EclipseLogger - Copying 0 resource
2019-02-12 14:26:37,294 [Worker-53: Creating project "App2"] INFO  o.e.m.c.i.l.LifecycleMappingFactory - Using org.eclipse.m2e.jdt.JarLifecycleMapping lifecycle mapping for MavenProject: com.cts:App2:0.0.1-SNAPSHOT @ /Users/praveen/Training/Cognizant/Spring Boot/Boot-WS/App2/pom.xml.
2019-02-12 14:26:37,327 [Worker-53: Creating project "App2"] INFO  o.e.m.j.i.AbstractJavaProjectConfigurator - Adding source folder /App2/src/main/java
2019-02-12 14:26:37,327 [Worker-53: Creating project "App2"] INFO  o.e.m.j.i.AbstractJavaProjectConfigurator - Adding resource folder /App2/src/main/resources
2019-02-12 14:26:37,328 [Worker-53: Creating project "App2"] INFO  o.e.m.j.i.AbstractJavaProjectConfigurator - Adding source folder /App2/src/test/java
2019-02-12 14:26:37,328 [Worker-53: Creating project "App2"] INFO  o.e.m.j.i.AbstractJavaProjectConfigurator - Adding resource folder /App2/src/test/resources
2019-02-12 14:26:37,585 [Worker-45: Building workspace] WARN  o.e.m.c.i.embedder.EclipseLogger - Using platform encoding (UTF-8 actually) to copy filtered resources, i.e. build is platform dependent!
2019-02-12 14:26:37,586 [Worker-45: Building workspace] INFO  o.e.m.c.i.embedder.EclipseLogger - Copying 0 resource
2019-02-12 14:26:37,587 [Worker-45: Building workspace] WARN  o.e.m.c.i.embedder.EclipseLogger - Using platform encoding (UTF-8 actually) to copy filtered resources, i.e. build is platform dependent!
2019-02-12 14:26:37,588 [Worker-45: Building workspace] INFO  o.e.m.c.i.embedder.EclipseLogger - Copying 0 resource
2019-02-12 14:26:52,934 [Worker-52: Building workspace] WARN  o.e.m.c.i.embedder.EclipseLogger - Using platform encoding (UTF-8 actually) to copy filtered resources, i.e. build is platform dependent!
2019-02-12 14:26:52,935 [Worker-52: Building workspace] INFO  o.e.m.c.i.embedder.EclipseLogger - Copying 0 resource
2019-02-12 14:26:52,936 [Worker-52: Building workspace] WARN  o.e.m.c.i.embedder.EclipseLogger - Using platform encoding (UTF-8 actually) to copy filtered resources, i.e. build is platform dependent!
2019-02-12 14:26:52,937 [Worker-52: Building workspace] INFO  o.e.m.c.i.embedder.EclipseLogger - Copying 0 resource
2019-02-12 14:32:13,179 [Worker-51: Building workspace] WARN  o.e.m.c.i.embedder.EclipseLogger - Using platform encoding (UTF-8 actually) to copy filtered resources, i.e. build is platform dependent!
2019-02-12 14:32:13,180 [Worker-51: Building workspace] INFO  o.e.m.c.i.embedder.EclipseLogger - Copying 0 resource
2019-02-12 14:32:13,181 [Worker-51: Building workspace] WARN  o.e.m.c.i.embedder.EclipseLogger - Using platform encoding (UTF-8 actually) to copy filtered resources, i.e. build is platform dependent!
2019-02-12 14:32:13,181 [Worker-51: Building workspace] INFO  o.e.m.c.i.embedder.EclipseLogger - Copying 0 resource
2019-02-12 14:34:12,552 [Worker-55: Building workspace] WARN  o.e.m.c.i.embedder.EclipseLogger - Using platform encoding (UTF-8 actually) to copy filtered resources, i.e. build is platform dependent!
2019-02-12 14:34:12,553 [Worker-55: Building workspace] INFO  o.e.m.c.i.embedder.EclipseLogger - Copying 0 resource
2019-02-12 14:34:12,554 [Worker-55: Building workspace] WARN  o.e.m.c.i.embedder.EclipseLogger - Using platform encoding (UTF-8 actually) to copy filtered resources, i.e. build is platform dependent!
2019-02-12 14:34:12,556 [Worker-55: Building workspace] INFO  o.e.m.c.i.embedder.EclipseLogger - Copying 0 resource
2019-02-12 14:39:16,431 [Worker-60: Building workspace] WARN  o.e.m.c.i.embedder.EclipseLogger - Using platform encoding (UTF-8 actually) to copy filtered resources, i.e. build is platform dependent!
2019-02-12 14:39:16,435 [Worker-60: Building workspace] INFO  o.e.m.c.i.embedder.EclipseLogger - Copying 1 resource
2019-02-12 14:39:16,436 [Worker-60: Building workspace] WARN  o.e.m.c.i.embedder.EclipseLogger - Using platform encoding (UTF-8 actually) to copy filtered resources, i.e. build is platform dependent!
2019-02-12 14:39:16,437 [Worker-60: Building workspace] INFO  o.e.m.c.i.embedder.EclipseLogger - Copying 0 resource
2019-02-12 14:39:40,134 [Worker-50: Building workspace] WARN  o.e.m.c.i.embedder.EclipseLogger - Using platform encoding (UTF-8 actually) to copy filtered resources, i.e. build is platform dependent!
2019-02-12 14:39:40,135 [Worker-50: Building workspace] INFO  o.e.m.c.i.embedder.EclipseLogger - Copying 1 resource
2019-02-12 14:39:40,136 [Worker-50: Building workspace] WARN  o.e.m.c.i.embedder.EclipseLogger - Using platform encoding (UTF-8 actually) to copy filtered resources, i.e. build is platform dependent!
2019-02-12 14:39:40,140 [Worker-50: Building workspace] INFO  o.e.m.c.i.embedder.EclipseLogger - Copying 0 resource
2019-02-12 14:40:01,709 [Worker-60: Building workspace] WARN  o.e.m.c.i.embedder.EclipseLogger - Using platform encoding (UTF-8 actually) to copy filtered resources, i.e. build is platform dependent!
2019-02-12 14:40:01,716 [Worker-60: Building workspace] INFO  o.e.m.c.i.embedder.EclipseLogger - Copying 1 resource
2019-02-12 14:40:01,717 [Worker-60: Building workspace] WARN  o.e.m.c.i.embedder.EclipseLogger - Using platform encoding (UTF-8 actually) to copy filtered resources, i.e. build is platform dependent!
2019-02-12 14:40:01,717 [Worker-60: Building workspace] INFO  o.e.m.c.i.embedder.EclipseLogger - Copying 0 resource
2019-02-12 14:45:31,182 [Worker-51: Building workspace] INFO  o.e.m.c.i.l.LifecycleMappingFactory - Using org.eclipse.m2e.jdt.JarLifecycleMapping lifecycle mapping for MavenProject: com.cts:App2:0.0.1-SNAPSHOT @ /Users/praveen/Training/Cognizant/Spring Boot/Boot-WS/App2/pom.xml.
2019-02-12 14:45:31,233 [Worker-51: Building workspace] WARN  o.e.m.c.i.embedder.EclipseLogger - Using platform encoding (UTF-8 actually) to copy filtered resources, i.e. build is platform dependent!
2019-02-12 14:45:31,234 [Worker-51: Building workspace] INFO  o.e.m.c.i.embedder.EclipseLogger - Copying 0 resource
2019-02-12 14:45:31,235 [Worker-51: Building workspace] WARN  o.e.m.c.i.embedder.EclipseLogger - Using platform encoding (UTF-8 actually) to copy filtered resources, i.e. build is platform dependent!
2019-02-12 14:45:31,236 [Worker-51: Building workspace] INFO  o.e.m.c.i.embedder.EclipseLogger - Copying 0 resource
2019-02-12 14:45:32,364 [Worker-51: Building workspace] WARN  o.e.m.c.i.embedder.EclipseLogger - Using platform encoding (UTF-8 actually) to copy filtered resources, i.e. build is platform dependent!
2019-02-12 14:45:32,365 [Worker-51: Building workspace] INFO  o.e.m.c.i.embedder.EclipseLogger - Copying 0 resource
2019-02-12 14:45:32,366 [Worker-51: Building workspace] WARN  o.e.m.c.i.embedder.EclipseLogger - Using platform encoding (UTF-8 actually) to copy filtered resources, i.e. build is platform dependent!
2019-02-12 14:45:32,366 [Worker-51: Building workspace] INFO  o.e.m.c.i.embedder.EclipseLogger - Copying 0 resource
2019-02-12 14:45:42,389 [Worker-51: Building workspace] INFO  o.e.m.c.i.l.LifecycleMappingFactory - Using org.eclipse.m2e.jdt.JarLifecycleMapping lifecycle mapping for MavenProject: com.cts:App2:0.0.1-SNAPSHOT @ /Users/praveen/Training/Cognizant/Spring Boot/Boot-WS/App2/pom.xml.
2019-02-12 14:45:42,419 [Worker-51: Building workspace] WARN  o.e.m.c.i.embedder.EclipseLogger - Using platform encoding (UTF-8 actually) to copy filtered resources, i.e. build is platform dependent!
2019-02-12 14:45:42,420 [Worker-51: Building workspace] INFO  o.e.m.c.i.embedder.EclipseLogger - Copying 0 resource
2019-02-12 14:45:42,421 [Worker-51: Building workspace] WARN  o.e.m.c.i.embedder.EclipseLogger - Using platform encoding (UTF-8 actually) to copy filtered resources, i.e. build is platform dependent!
2019-02-12 14:45:42,421 [Worker-51: Building workspace] INFO  o.e.m.c.i.embedder.EclipseLogger - Copying 0 resource
2019-02-12 14:46:05,274 [Worker-60: Building workspace] WARN  o.e.m.c.i.embedder.EclipseLogger - Using platform encoding (UTF-8 actually) to copy filtered resources, i.e. build is platform dependent!
2019-02-12 14:46:05,276 [Worker-60: Building workspace] INFO  o.e.m.c.i.embedder.EclipseLogger - Copying 0 resource
2019-02-12 14:46:05,276 [Worker-60: Building workspace] WARN  o.e.m.c.i.embedder.EclipseLogger - Using platform encoding (UTF-8 actually) to copy filtered resources, i.e. build is platform dependent!
2019-02-12 14:46:05,277 [Worker-60: Building workspace] INFO  o.e.m.c.i.embedder.EclipseLogger - Copying 0 resource
2019-02-12 14:46:30,300 [Worker-59: Building workspace] WARN  o.e.m.c.i.embedder.EclipseLogger - Using platform encoding (UTF-8 actually) to copy filtered resources, i.e. build is platform dependent!
2019-02-12 14:46:30,301 [Worker-59: Building workspace] INFO  o.e.m.c.i.embedder.EclipseLogger - Copying 0 resource
2019-02-12 14:46:30,302 [Worker-59: Building workspace] WARN  o.e.m.c.i.embedder.EclipseLogger - Using platform encoding (UTF-8 actually) to copy filtered resources, i.e. build is platform dependent!
2019-02-12 14:46:30,303 [Worker-59: Building workspace] INFO  o.e.m.c.i.embedder.EclipseLogger - Copying 0 resource
2019-02-12 14:47:00,715 [Worker-60: Building workspace] WARN  o.e.m.c.i.embedder.EclipseLogger - Using platform encoding (UTF-8 actually) to copy filtered resources, i.e. build is platform dependent!
2019-02-12 14:47:00,715 [Worker-60: Building workspace] INFO  o.e.m.c.i.embedder.EclipseLogger - Copying 1 resource
2019-02-12 14:47:00,717 [Worker-60: Building workspace] WARN  o.e.m.c.i.embedder.EclipseLogger - Using platform encoding (UTF-8 actually) to copy filtered resources, i.e. build is platform dependent!
2019-02-12 14:47:00,721 [Worker-60: Building workspace] INFO  o.e.m.c.i.embedder.EclipseLogger - Copying 0 resource
2019-02-12 14:47:01,733 [Worker-62: Building workspace] WARN  o.e.m.c.i.embedder.EclipseLogger - Using platform encoding (UTF-8 actually) to copy filtered resources, i.e. build is platform dependent!
2019-02-12 14:47:01,734 [Worker-62: Building workspace] INFO  o.e.m.c.i.embedder.EclipseLogger - Copying 0 resource
2019-02-12 14:47:01,735 [Worker-62: Building workspace] WARN  o.e.m.c.i.embedder.EclipseLogger - Using platform encoding (UTF-8 actually) to copy filtered resources, i.e. build is platform dependent!
2019-02-12 14:47:01,739 [Worker-62: Building workspace] INFO  o.e.m.c.i.embedder.EclipseLogger - Copying 0 resource
2019-02-12 14:48:10,624 [Worker-51: Building workspace] WARN  o.e.m.c.i.embedder.EclipseLogger - Using platform encoding (UTF-8 actually) to copy filtered resources, i.e. build is platform dependent!
2019-02-12 14:48:10,625 [Worker-51: Building workspace] INFO  o.e.m.c.i.embedder.EclipseLogger - Copying 1 resource
2019-02-12 14:48:10,626 [Worker-51: Building workspace] WARN  o.e.m.c.i.embedder.EclipseLogger - Using platform encoding (UTF-8 actually) to copy filtered resources, i.e. build is platform dependent!
2019-02-12 14:48:10,627 [Worker-51: Building workspace] INFO  o.e.m.c.i.embedder.EclipseLogger - Copying 0 resource
2019-02-12 14:48:15,449 [Worker-60: Building workspace] WARN  o.e.m.c.i.embedder.EclipseLogger - Using platform encoding (UTF-8 actually) to copy filtered resources, i.e. build is platform dependent!
2019-02-12 14:48:15,450 [Worker-60: Building workspace] INFO  o.e.m.c.i.embedder.EclipseLogger - Copying 1 resource
2019-02-12 14:48:15,451 [Worker-60: Building workspace] WARN  o.e.m.c.i.embedder.EclipseLogger - Using platform encoding (UTF-8 actually) to copy filtered resources, i.e. build is platform dependent!
2019-02-12 14:48:15,455 [Worker-60: Building workspace] INFO  o.e.m.c.i.embedder.EclipseLogger - Copying 0 resource
2019-02-12 14:48:30,125 [Worker-62: Building workspace] WARN  o.e.m.c.i.embedder.EclipseLogger - Using platform encoding (UTF-8 actually) to copy filtered resources, i.e. build is platform dependent!
2019-02-12 14:48:30,126 [Worker-62: Building workspace] INFO  o.e.m.c.i.embedder.EclipseLogger - Copying 1 resource
2019-02-12 14:48:30,127 [Worker-62: Building workspace] WARN  o.e.m.c.i.embedder.EclipseLogger - Using platform encoding (UTF-8 actually) to copy filtered resources, i.e. build is platform dependent!
2019-02-12 14:48:30,128 [Worker-62: Building workspace] INFO  o.e.m.c.i.embedder.EclipseLogger - Copying 0 resource
2019-02-12 14:48:35,398 [Worker-62: Building workspace] WARN  o.e.m.c.i.embedder.EclipseLogger - Using platform encoding (UTF-8 actually) to copy filtered resources, i.e. build is platform dependent!
2019-02-12 14:48:35,399 [Worker-62: Building workspace] INFO  o.e.m.c.i.embedder.EclipseLogger - Copying 1 resource
2019-02-12 14:48:35,400 [Worker-62: Building workspace] WARN  o.e.m.c.i.embedder.EclipseLogger - Using platform encoding (UTF-8 actually) to copy filtered resources, i.e. build is platform dependent!
2019-02-12 14:48:35,402 [Worker-62: Building workspace] INFO  o.e.m.c.i.embedder.EclipseLogger - Copying 0 resource
2019-02-12 14:49:38,710 [Worker-62: Building workspace] WARN  o.e.m.c.i.embedder.EclipseLogger - Using platform encoding (UTF-8 actually) to copy filtered resources, i.e. build is platform dependent!
2019-02-12 14:49:38,711 [Worker-62: Building workspace] INFO  o.e.m.c.i.embedder.EclipseLogger - Copying 1 resource
2019-02-12 14:49:38,712 [Worker-62: Building workspace] WARN  o.e.m.c.i.embedder.EclipseLogger - Using platform encoding (UTF-8 actually) to copy filtered resources, i.e. build is platform dependent!
2019-02-12 14:49:38,714 [Worker-62: Building workspace] INFO  o.e.m.c.i.embedder.EclipseLogger - Copying 0 resource
2019-02-12 14:49:49,222 [Worker-60: Building workspace] WARN  o.e.m.c.i.embedder.EclipseLogger - Using platform encoding (UTF-8 actually) to copy filtered resources, i.e. build is platform dependent!
2019-02-12 14:49:49,223 [Worker-60: Building workspace] INFO  o.e.m.c.i.embedder.EclipseLogger - Copying 1 resource
2019-02-12 14:49:49,223 [Worker-60: Building workspace] WARN  o.e.m.c.i.embedder.EclipseLogger - Using platform encoding (UTF-8 actually) to copy filtered resources, i.e. build is platform dependent!
2019-02-12 14:49:49,224 [Worker-60: Building workspace] INFO  o.e.m.c.i.embedder.EclipseLogger - Copying 0 resource
2019-02-12 14:49:54,813 [Worker-61: Launching Test (2)] WARN  o.e.m.c.i.embedder.EclipseLogger - Using platform encoding (UTF-8 actually) to copy filtered resources, i.e. build is platform dependent!
2019-02-12 14:49:54,814 [Worker-61: Launching Test (2)] INFO  o.e.m.c.i.embedder.EclipseLogger - Copying 1 resource
2019-02-12 14:49:54,815 [Worker-61: Launching Test (2)] WARN  o.e.m.c.i.embedder.EclipseLogger - Using platform encoding (UTF-8 actually) to copy filtered resources, i.e. build is platform dependent!
2019-02-12 14:49:54,816 [Worker-61: Launching Test (2)] INFO  o.e.m.c.i.embedder.EclipseLogger - Copying 0 resource
2019-02-12 14:50:32,168 [Worker-51: Building workspace] WARN  o.e.m.c.i.embedder.EclipseLogger - Using platform encoding (UTF-8 actually) to copy filtered resources, i.e. build is platform dependent!
2019-02-12 14:50:32,169 [Worker-51: Building workspace] INFO  o.e.m.c.i.embedder.EclipseLogger - Copying 1 resource
2019-02-12 14:50:32,170 [Worker-51: Building workspace] WARN  o.e.m.c.i.embedder.EclipseLogger - Using platform encoding (UTF-8 actually) to copy filtered resources, i.e. build is platform dependent!
2019-02-12 14:50:32,175 [Worker-51: Building workspace] INFO  o.e.m.c.i.embedder.EclipseLogger - Copying 0 resource
2019-02-12 14:50:59,089 [Worker-59: Building workspace] WARN  o.e.m.c.i.embedder.EclipseLogger - Using platform encoding (UTF-8 actually) to copy filtered resources, i.e. build is platform dependent!
2019-02-12 14:50:59,090 [Worker-59: Building workspace] INFO  o.e.m.c.i.embedder.EclipseLogger - Copying 1 resource
2019-02-12 14:50:59,090 [Worker-59: Building workspace] WARN  o.e.m.c.i.embedder.EclipseLogger - Using platform encoding (UTF-8 actually) to copy filtered resources, i.e. build is platform dependent!
2019-02-12 14:50:59,091 [Worker-59: Building workspace] INFO  o.e.m.c.i.embedder.EclipseLogger - Copying 0 resource
2019-02-12 14:51:54,255 [Worker-62: Building workspace] WARN  o.e.m.c.i.embedder.EclipseLogger - Using platform encoding (UTF-8 actually) to copy filtered resources, i.e. build is platform dependent!
2019-02-12 14:51:54,256 [Worker-62: Building workspace] INFO  o.e.m.c.i.embedder.EclipseLogger - Copying 1 resource
2019-02-12 14:51:54,257 [Worker-62: Building workspace] WARN  o.e.m.c.i.embedder.EclipseLogger - Using platform encoding (UTF-8 actually) to copy filtered resources, i.e. build is platform dependent!
2019-02-12 14:51:54,257 [Worker-62: Building workspace] INFO  o.e.m.c.i.embedder.EclipseLogger - Copying 0 resource
2019-02-12 14:52:31,446 [Worker-61: Building workspace] WARN  o.e.m.c.i.embedder.EclipseLogger - Using platform encoding (UTF-8 actually) to copy filtered resources, i.e. build is platform dependent!
2019-02-12 14:52:31,446 [Worker-61: Building workspace] INFO  o.e.m.c.i.embedder.EclipseLogger - Copying 1 resource
2019-02-12 14:52:31,447 [Worker-61: Building workspace] WARN  o.e.m.c.i.embedder.EclipseLogger - Using platform encoding (UTF-8 actually) to copy filtered resources, i.e. build is platform dependent!
2019-02-12 14:52:31,449 [Worker-61: Building workspace] INFO  o.e.m.c.i.embedder.EclipseLogger - Copying 0 resource
2019-02-12 14:52:39,083 [Worker-61: Building workspace] WARN  o.e.m.c.i.embedder.EclipseLogger - Using platform encoding (UTF-8 actually) to copy filtered resources, i.e. build is platform dependent!
2019-02-12 14:52:39,084 [Worker-61: Building workspace] INFO  o.e.m.c.i.embedder.EclipseLogger - Copying 1 resource
2019-02-12 14:52:39,085 [Worker-61: Building workspace] WARN  o.e.m.c.i.embedder.EclipseLogger - Using platform encoding (UTF-8 actually) to copy filtered resources, i.e. build is platform dependent!
2019-02-12 14:52:39,085 [Worker-61: Building workspace] INFO  o.e.m.c.i.embedder.EclipseLogger - Copying 0 resource
2019-02-12 14:53:09,984 [Worker-62: Building workspace] WARN  o.e.m.c.i.embedder.EclipseLogger - Using platform encoding (UTF-8 actually) to copy filtered resources, i.e. build is platform dependent!
2019-02-12 14:53:09,985 [Worker-62: Building workspace] INFO  o.e.m.c.i.embedder.EclipseLogger - Copying 1 resource
2019-02-12 14:53:09,986 [Worker-62: Building workspace] WARN  o.e.m.c.i.embedder.EclipseLogger - Using platform encoding (UTF-8 actually) to copy filtered resources, i.e. build is platform dependent!
2019-02-12 14:53:09,991 [Worker-62: Building workspace] INFO  o.e.m.c.i.embedder.EclipseLogger - Copying 0 resource
2019-02-12 14:53:22,602 [Worker-63: Building workspace] WARN  o.e.m.c.i.embedder.EclipseLogger - Using platform encoding (UTF-8 actually) to copy filtered resources, i.e. build is platform dependent!
2019-02-12 14:53:22,603 [Worker-63: Building workspace] INFO  o.e.m.c.i.embedder.EclipseLogger - Copying 1 resource
2019-02-12 14:53:22,604 [Worker-63: Building workspace] WARN  o.e.m.c.i.embedder.EclipseLogger - Using platform encoding (UTF-8 actually) to copy filtered resources, i.e. build is platform dependent!
2019-02-12 14:53:22,604 [Worker-63: Building workspace] INFO  o.e.m.c.i.embedder.EclipseLogger - Copying 0 resource
2019-02-12 14:53:42,841 [Worker-60: Building workspace] WARN  o.e.m.c.i.embedder.EclipseLogger - Using platform encoding (UTF-8 actually) to copy filtered resources, i.e. build is platform dependent!
2019-02-12 14:53:42,842 [Worker-60: Building workspace] INFO  o.e.m.c.i.embedder.EclipseLogger - Copying 1 resource
2019-02-12 14:53:42,842 [Worker-60: Building workspace] WARN  o.e.m.c.i.embedder.EclipseLogger - Using platform encoding (UTF-8 actually) to copy filtered resources, i.e. build is platform dependent!
2019-02-12 14:53:42,845 [Worker-60: Building workspace] INFO  o.e.m.c.i.embedder.EclipseLogger - Copying 0 resource
2019-02-12 14:54:15,727 [Worker-51: Building workspace] WARN  o.e.m.c.i.embedder.EclipseLogger - Using platform encoding (UTF-8 actually) to copy filtered resources, i.e. build is platform dependent!
2019-02-12 14:54:15,728 [Worker-51: Building workspace] INFO  o.e.m.c.i.embedder.EclipseLogger - Copying 1 resource
2019-02-12 14:54:15,729 [Worker-51: Building workspace] WARN  o.e.m.c.i.embedder.EclipseLogger - Using platform encoding (UTF-8 actually) to copy filtered resources, i.e. build is platform dependent!
2019-02-12 14:54:15,734 [Worker-51: Building workspace] INFO  o.e.m.c.i.embedder.EclipseLogger - Copying 0 resource
2019-02-12 14:55:11,184 [Worker-59: Building workspace] WARN  o.e.m.c.i.embedder.EclipseLogger - Using platform encoding (UTF-8 actually) to copy filtered resources, i.e. build is platform dependent!
2019-02-12 14:55:11,185 [Worker-59: Building workspace] INFO  o.e.m.c.i.embedder.EclipseLogger - Copying 1 resource
2019-02-12 14:55:11,186 [Worker-59: Building workspace] WARN  o.e.m.c.i.embedder.EclipseLogger - Using platform encoding (UTF-8 actually) to copy filtered resources, i.e. build is platform dependent!
2019-02-12 14:55:11,187 [Worker-59: Building workspace] INFO  o.e.m.c.i.embedder.EclipseLogger - Copying 0 resource
2019-02-12 14:55:38,494 [Worker-62: Building workspace] WARN  o.e.m.c.i.embedder.EclipseLogger - Using platform encoding (UTF-8 actually) to copy filtered resources, i.e. build is platform dependent!
2019-02-12 14:55:38,494 [Worker-62: Building workspace] INFO  o.e.m.c.i.embedder.EclipseLogger - Copying 1 resource
2019-02-12 14:55:38,495 [Worker-62: Building workspace] WARN  o.e.m.c.i.embedder.EclipseLogger - Using platform encoding (UTF-8 actually) to copy filtered resources, i.e. build is platform dependent!
2019-02-12 14:55:38,496 [Worker-62: Building workspace] INFO  o.e.m.c.i.embedder.EclipseLogger - Copying 0 resource
2019-02-12 14:56:04,737 [Worker-51: Building workspace] WARN  o.e.m.c.i.embedder.EclipseLogger - Using platform encoding (UTF-8 actually) to copy filtered resources, i.e. build is platform dependent!
2019-02-12 14:56:04,738 [Worker-51: Building workspace] INFO  o.e.m.c.i.embedder.EclipseLogger - Copying 1 resource
2019-02-12 14:56:04,739 [Worker-51: Building workspace] WARN  o.e.m.c.i.embedder.EclipseLogger - Using platform encoding (UTF-8 actually) to copy filtered resources, i.e. build is platform dependent!
2019-02-12 14:56:04,744 [Worker-51: Building workspace] INFO  o.e.m.c.i.embedder.EclipseLogger - Copying 0 resource
2019-02-12 14:56:24,710 [Worker-59: Building workspace] WARN  o.e.m.c.i.embedder.EclipseLogger - Using platform encoding (UTF-8 actually) to copy filtered resources, i.e. build is platform dependent!
2019-02-12 14:56:24,711 [Worker-59: Building workspace] INFO  o.e.m.c.i.embedder.EclipseLogger - Copying 1 resource
2019-02-12 14:56:24,712 [Worker-59: Building workspace] WARN  o.e.m.c.i.embedder.EclipseLogger - Using platform encoding (UTF-8 actually) to copy filtered resources, i.e. build is platform dependent!
2019-02-12 14:56:24,714 [Worker-59: Building workspace] INFO  o.e.m.c.i.embedder.EclipseLogger - Copying 0 resource
2019-02-12 14:56:35,000 [Worker-60: Building workspace] WARN  o.e.m.c.i.embedder.EclipseLogger - Using platform encoding (UTF-8 actually) to copy filtered resources, i.e. build is platform dependent!
2019-02-12 14:56:35,001 [Worker-60: Building workspace] INFO  o.e.m.c.i.embedder.EclipseLogger - Copying 1 resource
2019-02-12 14:56:35,002 [Worker-60: Building workspace] WARN  o.e.m.c.i.embedder.EclipseLogger - Using platform encoding (UTF-8 actually) to copy filtered resources, i.e. build is platform dependent!
2019-02-12 14:56:35,004 [Worker-60: Building workspace] INFO  o.e.m.c.i.embedder.EclipseLogger - Copying 0 resource
2019-02-12 14:56:48,769 [Worker-59: Building workspace] WARN  o.e.m.c.i.embedder.EclipseLogger - Using platform encoding (UTF-8 actually) to copy filtered resources, i.e. build is platform dependent!
2019-02-12 14:56:48,770 [Worker-59: Building workspace] INFO  o.e.m.c.i.embedder.EclipseLogger - Copying 1 resource
2019-02-12 14:56:48,771 [Worker-59: Building workspace] WARN  o.e.m.c.i.embedder.EclipseLogger - Using platform encoding (UTF-8 actually) to copy filtered resources, i.e. build is platform dependent!
2019-02-12 14:56:48,775 [Worker-59: Building workspace] INFO  o.e.m.c.i.embedder.EclipseLogger - Copying 0 resource
2019-02-12 14:57:45,605 [Worker-61: Building workspace] WARN  o.e.m.c.i.embedder.EclipseLogger - Using platform encoding (UTF-8 actually) to copy filtered resources, i.e. build is platform dependent!
2019-02-12 14:57:45,606 [Worker-61: Building workspace] INFO  o.e.m.c.i.embedder.EclipseLogger - Copying 1 resource
2019-02-12 14:57:45,607 [Worker-61: Building workspace] WARN  o.e.m.c.i.embedder.EclipseLogger - Using platform encoding (UTF-8 actually) to copy filtered resources, i.e. build is platform dependent!
2019-02-12 14:57:45,607 [Worker-61: Building workspace] INFO  o.e.m.c.i.embedder.EclipseLogger - Copying 0 resource
2019-02-12 14:58:22,625 [Worker-63: Building workspace] WARN  o.e.m.c.i.embedder.EclipseLogger - Using platform encoding (UTF-8 actually) to copy filtered resources, i.e. build is platform dependent!
2019-02-12 14:58:22,625 [Worker-63: Building workspace] INFO  o.e.m.c.i.embedder.EclipseLogger - Copying 1 resource
2019-02-12 14:58:22,626 [Worker-63: Building workspace] WARN  o.e.m.c.i.embedder.EclipseLogger - Using platform encoding (UTF-8 actually) to copy filtered resources, i.e. build is platform dependent!
2019-02-12 14:58:22,631 [Worker-63: Building workspace] INFO  o.e.m.c.i.embedder.EclipseLogger - Copying 0 resource
2019-02-12 14:59:07,486 [Worker-60: Building workspace] WARN  o.e.m.c.i.embedder.EclipseLogger - Using platform encoding (UTF-8 actually) to copy filtered resources, i.e. build is platform dependent!
2019-02-12 14:59:07,487 [Worker-60: Building workspace] INFO  o.e.m.c.i.embedder.EclipseLogger - Copying 1 resource
2019-02-12 14:59:07,488 [Worker-60: Building workspace] WARN  o.e.m.c.i.embedder.EclipseLogger - Using platform encoding (UTF-8 actually) to copy filtered resources, i.e. build is platform dependent!
2019-02-12 14:59:07,488 [Worker-60: Building workspace] INFO  o.e.m.c.i.embedder.EclipseLogger - Copying 0 resource
2019-02-12 14:59:26,586 [Worker-62: Building workspace] WARN  o.e.m.c.i.embedder.EclipseLogger - Using platform encoding (UTF-8 actually) to copy filtered resources, i.e. build is platform dependent!
2019-02-12 14:59:26,587 [Worker-62: Building workspace] INFO  o.e.m.c.i.embedder.EclipseLogger - Copying 1 resource
2019-02-12 14:59:26,588 [Worker-62: Building workspace] WARN  o.e.m.c.i.embedder.EclipseLogger - Using platform encoding (UTF-8 actually) to copy filtered resources, i.e. build is platform dependent!
2019-02-12 14:59:26,592 [Worker-62: Building workspace] INFO  o.e.m.c.i.embedder.EclipseLogger - Copying 0 resource
2019-02-12 14:59:36,620 [Worker-59: Building workspace] WARN  o.e.m.c.i.embedder.EclipseLogger - Using platform encoding (UTF-8 actually) to copy filtered resources, i.e. build is platform dependent!
2019-02-12 14:59:36,621 [Worker-59: Building workspace] INFO  o.e.m.c.i.embedder.EclipseLogger - Copying 1 resource
2019-02-12 14:59:36,622 [Worker-59: Building workspace] WARN  o.e.m.c.i.embedder.EclipseLogger - Using platform encoding (UTF-8 actually) to copy filtered resources, i.e. build is platform dependent!
2019-02-12 14:59:36,627 [Worker-59: Building workspace] INFO  o.e.m.c.i.embedder.EclipseLogger - Copying 0 resource
2019-02-12 15:00:03,109 [Worker-60: Building workspace] WARN  o.e.m.c.i.embedder.EclipseLogger - Using platform encoding (UTF-8 actually) to copy filtered resources, i.e. build is platform dependent!
2019-02-12 15:00:03,110 [Worker-60: Building workspace] INFO  o.e.m.c.i.embedder.EclipseLogger - Copying 1 resource
2019-02-12 15:00:03,110 [Worker-60: Building workspace] WARN  o.e.m.c.i.embedder.EclipseLogger - Using platform encoding (UTF-8 actually) to copy filtered resources, i.e. build is platform dependent!
2019-02-12 15:00:03,113 [Worker-60: Building workspace] INFO  o.e.m.c.i.embedder.EclipseLogger - Copying 0 resource
2019-02-12 15:00:15,463 [Worker-62: Building workspace] WARN  o.e.m.c.i.embedder.EclipseLogger - Using platform encoding (UTF-8 actually) to copy filtered resources, i.e. build is platform dependent!
2019-02-12 15:00:15,464 [Worker-62: Building workspace] INFO  o.e.m.c.i.embedder.EclipseLogger - Copying 1 resource
2019-02-12 15:00:15,464 [Worker-62: Building workspace] WARN  o.e.m.c.i.embedder.EclipseLogger - Using platform encoding (UTF-8 actually) to copy filtered resources, i.e. build is platform dependent!
2019-02-12 15:00:15,465 [Worker-62: Building workspace] INFO  o.e.m.c.i.embedder.EclipseLogger - Copying 0 resource
2019-02-12 15:01:17,013 [Worker-51: Building workspace] WARN  o.e.m.c.i.embedder.EclipseLogger - Using platform encoding (UTF-8 actually) to copy filtered resources, i.e. build is platform dependent!
2019-02-12 15:01:17,014 [Worker-51: Building workspace] INFO  o.e.m.c.i.embedder.EclipseLogger - Copying 1 resource
2019-02-12 15:01:17,015 [Worker-51: Building workspace] WARN  o.e.m.c.i.embedder.EclipseLogger - Using platform encoding (UTF-8 actually) to copy filtered resources, i.e. build is platform dependent!
2019-02-12 15:01:17,016 [Worker-51: Building workspace] INFO  o.e.m.c.i.embedder.EclipseLogger - Copying 0 resource
2019-02-12 15:01:59,728 [Worker-63: Building workspace] WARN  o.e.m.c.i.embedder.EclipseLogger - Using platform encoding (UTF-8 actually) to copy filtered resources, i.e. build is platform dependent!
2019-02-12 15:01:59,729 [Worker-63: Building workspace] INFO  o.e.m.c.i.embedder.EclipseLogger - Copying 1 resource
2019-02-12 15:01:59,730 [Worker-63: Building workspace] WARN  o.e.m.c.i.embedder.EclipseLogger - Using platform encoding (UTF-8 actually) to copy filtered resources, i.e. build is platform dependent!
2019-02-12 15:01:59,730 [Worker-63: Building workspace] INFO  o.e.m.c.i.embedder.EclipseLogger - Copying 0 resource
2019-02-12 15:02:34,339 [Worker-61: Building workspace] WARN  o.e.m.c.i.embedder.EclipseLogger - Using platform encoding (UTF-8 actually) to copy filtered resources, i.e. build is platform dependent!
2019-02-12 15:02:34,340 [Worker-61: Building workspace] INFO  o.e.m.c.i.embedder.EclipseLogger - Copying 1 resource
2019-02-12 15:02:34,340 [Worker-61: Building workspace] WARN  o.e.m.c.i.embedder.EclipseLogger - Using platform encoding (UTF-8 actually) to copy filtered resources, i.e. build is platform dependent!
2019-02-12 15:02:34,341 [Worker-61: Building workspace] INFO  o.e.m.c.i.embedder.EclipseLogger - Copying 0 resource
2019-02-12 15:05:07,494 [Worker-61: Building workspace] WARN  o.e.m.c.i.embedder.EclipseLogger - Using platform encoding (UTF-8 actually) to copy filtered resources, i.e. build is platform dependent!
2019-02-12 15:05:07,494 [Worker-61: Building workspace] INFO  o.e.m.c.i.embedder.EclipseLogger - Copying 1 resource
2019-02-12 15:05:07,495 [Worker-61: Building workspace] WARN  o.e.m.c.i.embedder.EclipseLogger - Using platform encoding (UTF-8 actually) to copy filtered resources, i.e. build is platform dependent!
2019-02-12 15:05:07,497 [Worker-61: Building workspace] INFO  o.e.m.c.i.embedder.EclipseLogger - Copying 0 resource
2019-02-12 15:05:14,649 [Worker-63: Building workspace] WARN  o.e.m.c.i.embedder.EclipseLogger - Using platform encoding (UTF-8 actually) to copy filtered resources, i.e. build is platform dependent!
2019-02-12 15:05:14,650 [Worker-63: Building workspace] INFO  o.e.m.c.i.embedder.EclipseLogger - Copying 1 resource
2019-02-12 15:05:14,650 [Worker-63: Building workspace] WARN  o.e.m.c.i.embedder.EclipseLogger - Using platform encoding (UTF-8 actually) to copy filtered resources, i.e. build is platform dependent!
2019-02-12 15:05:14,651 [Worker-63: Building workspace] INFO  o.e.m.c.i.embedder.EclipseLogger - Copying 0 resource
2019-02-12 15:05:17,600 [Worker-61: Building workspace] WARN  o.e.m.c.i.embedder.EclipseLogger - Using platform encoding (UTF-8 actually) to copy filtered resources, i.e. build is platform dependent!
2019-02-12 15:05:17,604 [Worker-61: Building workspace] INFO  o.e.m.c.i.embedder.EclipseLogger - Copying 1 resource
2019-02-12 15:05:17,605 [Worker-61: Building workspace] WARN  o.e.m.c.i.embedder.EclipseLogger - Using platform encoding (UTF-8 actually) to copy filtered resources, i.e. build is platform dependent!
2019-02-12 15:05:17,606 [Worker-61: Building workspace] INFO  o.e.m.c.i.embedder.EclipseLogger - Copying 0 resource
2019-02-12 15:06:07,174 [Worker-64: Building workspace] WARN  o.e.m.c.i.embedder.EclipseLogger - Using platform encoding (UTF-8 actually) to copy filtered resources, i.e. build is platform dependent!
2019-02-12 15:06:07,175 [Worker-64: Building workspace] INFO  o.e.m.c.i.embedder.EclipseLogger - Copying 1 resource
2019-02-12 15:06:07,176 [Worker-64: Building workspace] WARN  o.e.m.c.i.embedder.EclipseLogger - Using platform encoding (UTF-8 actually) to copy filtered resources, i.e. build is platform dependent!
2019-02-12 15:06:07,180 [Worker-64: Building workspace] INFO  o.e.m.c.i.embedder.EclipseLogger - Copying 0 resource
2019-02-12 15:06:12,121 [Worker-59: Building workspace] WARN  o.e.m.c.i.embedder.EclipseLogger - Using platform encoding (UTF-8 actually) to copy filtered resources, i.e. build is platform dependent!
2019-02-12 15:06:12,122 [Worker-59: Building workspace] INFO  o.e.m.c.i.embedder.EclipseLogger - Copying 1 resource
2019-02-12 15:06:12,123 [Worker-59: Building workspace] WARN  o.e.m.c.i.embedder.EclipseLogger - Using platform encoding (UTF-8 actually) to copy filtered resources, i.e. build is platform dependent!
2019-02-12 15:06:12,127 [Worker-59: Building workspace] INFO  o.e.m.c.i.embedder.EclipseLogger - Copying 0 resource
2019-02-12 15:07:31,682 [Worker-59: Building workspace] WARN  o.e.m.c.i.embedder.EclipseLogger - Using platform encoding (UTF-8 actually) to copy filtered resources, i.e. build is platform dependent!
2019-02-12 15:07:31,683 [Worker-59: Building workspace] INFO  o.e.m.c.i.embedder.EclipseLogger - Copying 1 resource
2019-02-12 15:07:31,684 [Worker-59: Building workspace] WARN  o.e.m.c.i.embedder.EclipseLogger - Using platform encoding (UTF-8 actually) to copy filtered resources, i.e. build is platform dependent!
2019-02-12 15:07:31,684 [Worker-59: Building workspace] INFO  o.e.m.c.i.embedder.EclipseLogger - Copying 0 resource
2019-02-12 15:07:33,766 [Worker-62: Building workspace] WARN  o.e.m.c.i.embedder.EclipseLogger - Using platform encoding (UTF-8 actually) to copy filtered resources, i.e. build is platform dependent!
2019-02-12 15:07:33,767 [Worker-62: Building workspace] INFO  o.e.m.c.i.embedder.EclipseLogger - Copying 1 resource
2019-02-12 15:07:33,768 [Worker-62: Building workspace] WARN  o.e.m.c.i.embedder.EclipseLogger - Using platform encoding (UTF-8 actually) to copy filtered resources, i.e. build is platform dependent!
2019-02-12 15:07:33,773 [Worker-62: Building workspace] INFO  o.e.m.c.i.embedder.EclipseLogger - Copying 0 resource
2019-02-12 15:08:45,722 [Worker-61: Building workspace] WARN  o.e.m.c.i.embedder.EclipseLogger - Using platform encoding (UTF-8 actually) to copy filtered resources, i.e. build is platform dependent!
2019-02-12 15:08:45,723 [Worker-61: Building workspace] INFO  o.e.m.c.i.embedder.EclipseLogger - Copying 1 resource
2019-02-12 15:08:45,724 [Worker-61: Building workspace] WARN  o.e.m.c.i.embedder.EclipseLogger - Using platform encoding (UTF-8 actually) to copy filtered resources, i.e. build is platform dependent!
2019-02-12 15:08:45,724 [Worker-61: Building workspace] INFO  o.e.m.c.i.embedder.EclipseLogger - Copying 0 resource
2019-02-12 15:09:00,791 [Worker-64: Building workspace] WARN  o.e.m.c.i.embedder.EclipseLogger - Using platform encoding (UTF-8 actually) to copy filtered resources, i.e. build is platform dependent!
2019-02-12 15:09:00,792 [Worker-64: Building workspace] INFO  o.e.m.c.i.embedder.EclipseLogger - Copying 1 resource
2019-02-12 15:09:00,793 [Worker-64: Building workspace] WARN  o.e.m.c.i.embedder.EclipseLogger - Using platform encoding (UTF-8 actually) to copy filtered resources, i.e. build is platform dependent!
2019-02-12 15:09:00,793 [Worker-64: Building workspace] INFO  o.e.m.c.i.embedder.EclipseLogger - Copying 0 resource
2019-02-12 15:09:35,008 [Worker-59: Building workspace] WARN  o.e.m.c.i.embedder.EclipseLogger - Using platform encoding (UTF-8 actually) to copy filtered resources, i.e. build is platform dependent!
2019-02-12 15:09:35,015 [Worker-59: Building workspace] INFO  o.e.m.c.i.embedder.EclipseLogger - Copying 1 resource
2019-02-12 15:09:35,016 [Worker-59: Building workspace] WARN  o.e.m.c.i.embedder.EclipseLogger - Using platform encoding (UTF-8 actually) to copy filtered resources, i.e. build is platform dependent!
2019-02-12 15:09:35,017 [Worker-59: Building workspace] INFO  o.e.m.c.i.embedder.EclipseLogger - Copying 0 resource
2019-02-12 15:09:58,934 [Worker-64: Building workspace] WARN  o.e.m.c.i.embedder.EclipseLogger - Using platform encoding (UTF-8 actually) to copy filtered resources, i.e. build is platform dependent!
2019-02-12 15:09:58,936 [Worker-64: Building workspace] INFO  o.e.m.c.i.embedder.EclipseLogger - Copying 1 resource
2019-02-12 15:09:58,936 [Worker-64: Building workspace] WARN  o.e.m.c.i.embedder.EclipseLogger - Using platform encoding (UTF-8 actually) to copy filtered resources, i.e. build is platform dependent!
2019-02-12 15:09:58,937 [Worker-64: Building workspace] INFO  o.e.m.c.i.embedder.EclipseLogger - Copying 0 resource
2019-02-12 15:10:50,467 [Worker-61: Building workspace] WARN  o.e.m.c.i.embedder.EclipseLogger - Using platform encoding (UTF-8 actually) to copy filtered resources, i.e. build is platform dependent!
2019-02-12 15:10:50,468 [Worker-61: Building workspace] INFO  o.e.m.c.i.embedder.EclipseLogger - Copying 1 resource
2019-02-12 15:10:50,469 [Worker-61: Building workspace] WARN  o.e.m.c.i.embedder.EclipseLogger - Using platform encoding (UTF-8 actually) to copy filtered resources, i.e. build is platform dependent!
2019-02-12 15:10:50,469 [Worker-61: Building workspace] INFO  o.e.m.c.i.embedder.EclipseLogger - Copying 0 resource
2019-02-12 15:11:14,400 [Worker-61: Building workspace] WARN  o.e.m.c.i.embedder.EclipseLogger - Using platform encoding (UTF-8 actually) to copy filtered resources, i.e. build is platform dependent!
2019-02-12 15:11:14,401 [Worker-61: Building workspace] INFO  o.e.m.c.i.embedder.EclipseLogger - Copying 1 resource
2019-02-12 15:11:14,403 [Worker-61: Building workspace] WARN  o.e.m.c.i.embedder.EclipseLogger - Using platform encoding (UTF-8 actually) to copy filtered resources, i.e. build is platform dependent!
2019-02-12 15:11:14,407 [Worker-61: Building workspace] INFO  o.e.m.c.i.embedder.EclipseLogger - Copying 0 resource
2019-02-12 15:11:48,303 [Worker-61: Building workspace] WARN  o.e.m.c.i.embedder.EclipseLogger - Using platform encoding (UTF-8 actually) to copy filtered resources, i.e. build is platform dependent!
2019-02-12 15:11:48,304 [Worker-61: Building workspace] INFO  o.e.m.c.i.embedder.EclipseLogger - Copying 1 resource
2019-02-12 15:11:48,306 [Worker-61: Building workspace] WARN  o.e.m.c.i.embedder.EclipseLogger - Using platform encoding (UTF-8 actually) to copy filtered resources, i.e. build is platform dependent!
2019-02-12 15:11:48,307 [Worker-61: Building workspace] INFO  o.e.m.c.i.embedder.EclipseLogger - Copying 0 resource
2019-02-12 15:11:48,353 [Worker-61: Building workspace] WARN  o.e.m.c.i.embedder.EclipseLogger - Using platform encoding (UTF-8 actually) to copy filtered resources, i.e. build is platform dependent!
2019-02-12 15:11:48,354 [Worker-61: Building workspace] INFO  o.e.m.c.i.embedder.EclipseLogger - Copying 1 resource
2019-02-12 15:11:48,355 [Worker-61: Building workspace] WARN  o.e.m.c.i.embedder.EclipseLogger - Using platform encoding (UTF-8 actually) to copy filtered resources, i.e. build is platform dependent!
2019-02-12 15:11:48,356 [Worker-61: Building workspace] INFO  o.e.m.c.i.embedder.EclipseLogger - Copying 0 resource
2019-02-12 15:12:35,798 [Worker-65: Building workspace] WARN  o.e.m.c.i.embedder.EclipseLogger - Using platform encoding (UTF-8 actually) to copy filtered resources, i.e. build is platform dependent!
2019-02-12 15:12:35,799 [Worker-65: Building workspace] INFO  o.e.m.c.i.embedder.EclipseLogger - Copying 1 resource
2019-02-12 15:12:35,800 [Worker-65: Building workspace] WARN  o.e.m.c.i.embedder.EclipseLogger - Using platform encoding (UTF-8 actually) to copy filtered resources, i.e. build is platform dependent!
2019-02-12 15:12:35,800 [Worker-65: Building workspace] INFO  o.e.m.c.i.embedder.EclipseLogger - Copying 0 resource
2019-02-12 15:14:42,504 [Worker-59: Building workspace] WARN  o.e.m.c.i.embedder.EclipseLogger - Using platform encoding (UTF-8 actually) to copy filtered resources, i.e. build is platform dependent!
2019-02-12 15:14:42,506 [Worker-59: Building workspace] INFO  o.e.m.c.i.embedder.EclipseLogger - Copying 1 resource
2019-02-12 15:14:42,507 [Worker-59: Building workspace] WARN  o.e.m.c.i.embedder.EclipseLogger - Using platform encoding (UTF-8 actually) to copy filtered resources, i.e. build is platform dependent!
2019-02-12 15:14:42,507 [Worker-59: Building workspace] INFO  o.e.m.c.i.embedder.EclipseLogger - Copying 0 resource
2019-02-12 15:14:58,397 [Worker-65: Building workspace] WARN  o.e.m.c.i.embedder.EclipseLogger - Using platform encoding (UTF-8 actually) to copy filtered resources, i.e. build is platform dependent!
2019-02-12 15:14:58,397 [Worker-65: Building workspace] INFO  o.e.m.c.i.embedder.EclipseLogger - Copying 1 resource
2019-02-12 15:14:58,398 [Worker-65: Building workspace] WARN  o.e.m.c.i.embedder.EclipseLogger - Using platform encoding (UTF-8 actually) to copy filtered resources, i.e. build is platform dependent!
2019-02-12 15:14:58,403 [Worker-65: Building workspace] INFO  o.e.m.c.i.embedder.EclipseLogger - Copying 0 resource
2019-02-12 15:15:22,238 [Worker-61: Building workspace] WARN  o.e.m.c.i.embedder.EclipseLogger - Using platform encoding (UTF-8 actually) to copy filtered resources, i.e. build is platform dependent!
2019-02-12 15:15:22,239 [Worker-61: Building workspace] INFO  o.e.m.c.i.embedder.EclipseLogger - Copying 1 resource
2019-02-12 15:15:22,240 [Worker-61: Building workspace] WARN  o.e.m.c.i.embedder.EclipseLogger - Using platform encoding (UTF-8 actually) to copy filtered resources, i.e. build is platform dependent!
2019-02-12 15:15:22,245 [Worker-61: Building workspace] INFO  o.e.m.c.i.embedder.EclipseLogger - Copying 0 resource
2019-02-12 15:15:33,024 [Worker-60: Building workspace] WARN  o.e.m.c.i.embedder.EclipseLogger - Using platform encoding (UTF-8 actually) to copy filtered resources, i.e. build is platform dependent!
2019-02-12 15:15:33,024 [Worker-60: Building workspace] INFO  o.e.m.c.i.embedder.EclipseLogger - Copying 1 resource
2019-02-12 15:15:33,025 [Worker-60: Building workspace] WARN  o.e.m.c.i.embedder.EclipseLogger - Using platform encoding (UTF-8 actually) to copy filtered resources, i.e. build is platform dependent!
2019-02-12 15:15:33,030 [Worker-60: Building workspace] INFO  o.e.m.c.i.embedder.EclipseLogger - Copying 0 resource
2019-02-12 15:15:48,411 [Worker-60: Building workspace] WARN  o.e.m.c.i.embedder.EclipseLogger - Using platform encoding (UTF-8 actually) to copy filtered resources, i.e. build is platform dependent!
2019-02-12 15:15:48,412 [Worker-60: Building workspace] INFO  o.e.m.c.i.embedder.EclipseLogger - Copying 1 resource
2019-02-12 15:15:48,413 [Worker-60: Building workspace] WARN  o.e.m.c.i.embedder.EclipseLogger - Using platform encoding (UTF-8 actually) to copy filtered resources, i.e. build is platform dependent!
2019-02-12 15:15:48,418 [Worker-60: Building workspace] INFO  o.e.m.c.i.embedder.EclipseLogger - Copying 0 resource
2019-02-12 15:15:57,886 [Worker-59: Building workspace] WARN  o.e.m.c.i.embedder.EclipseLogger - Using platform encoding (UTF-8 actually) to copy filtered resources, i.e. build is platform dependent!
2019-02-12 15:15:57,886 [Worker-59: Building workspace] INFO  o.e.m.c.i.embedder.EclipseLogger - Copying 1 resource
2019-02-12 15:15:57,887 [Worker-59: Building workspace] WARN  o.e.m.c.i.embedder.EclipseLogger - Using platform encoding (UTF-8 actually) to copy filtered resources, i.e. build is platform dependent!
2019-02-12 15:15:57,892 [Worker-59: Building workspace] INFO  o.e.m.c.i.embedder.EclipseLogger - Copying 0 resource
2019-02-12 15:16:39,513 [Worker-61: Building workspace] WARN  o.e.m.c.i.embedder.EclipseLogger - Using platform encoding (UTF-8 actually) to copy filtered resources, i.e. build is platform dependent!
2019-02-12 15:16:39,519 [Worker-61: Building workspace] INFO  o.e.m.c.i.embedder.EclipseLogger - Copying 1 resource
2019-02-12 15:16:39,520 [Worker-61: Building workspace] WARN  o.e.m.c.i.embedder.EclipseLogger - Using platform encoding (UTF-8 actually) to copy filtered resources, i.e. build is platform dependent!
2019-02-12 15:16:39,521 [Worker-61: Building workspace] INFO  o.e.m.c.i.embedder.EclipseLogger - Copying 0 resource
2019-02-12 15:17:06,042 [Worker-64: Building workspace] WARN  o.e.m.c.i.embedder.EclipseLogger - Using platform encoding (UTF-8 actually) to copy filtered resources, i.e. build is platform dependent!
2019-02-12 15:17:06,043 [Worker-64: Building workspace] INFO  o.e.m.c.i.embedder.EclipseLogger - Copying 1 resource
2019-02-12 15:17:06,044 [Worker-64: Building workspace] WARN  o.e.m.c.i.embedder.EclipseLogger - Using platform encoding (UTF-8 actually) to copy filtered resources, i.e. build is platform dependent!
2019-02-12 15:17:06,049 [Worker-64: Building workspace] INFO  o.e.m.c.i.embedder.EclipseLogger - Copying 0 resource
2019-02-12 15:17:38,365 [Worker-59: Building workspace] WARN  o.e.m.c.i.embedder.EclipseLogger - Using platform encoding (UTF-8 actually) to copy filtered resources, i.e. build is platform dependent!
2019-02-12 15:17:38,372 [Worker-59: Building workspace] INFO  o.e.m.c.i.embedder.EclipseLogger - Copying 1 resource
2019-02-12 15:17:38,373 [Worker-59: Building workspace] WARN  o.e.m.c.i.embedder.EclipseLogger - Using platform encoding (UTF-8 actually) to copy filtered resources, i.e. build is platform dependent!
2019-02-12 15:17:38,374 [Worker-59: Building workspace] INFO  o.e.m.c.i.embedder.EclipseLogger - Copying 0 resource
2019-02-12 15:17:55,511 [Worker-59: Building workspace] WARN  o.e.m.c.i.embedder.EclipseLogger - Using platform encoding (UTF-8 actually) to copy filtered resources, i.e. build is platform dependent!
2019-02-12 15:17:55,512 [Worker-59: Building workspace] INFO  o.e.m.c.i.embedder.EclipseLogger - Copying 1 resource
2019-02-12 15:17:55,513 [Worker-59: Building workspace] WARN  o.e.m.c.i.embedder.EclipseLogger - Using platform encoding (UTF-8 actually) to copy filtered resources, i.e. build is platform dependent!
2019-02-12 15:17:55,517 [Worker-59: Building workspace] INFO  o.e.m.c.i.embedder.EclipseLogger - Copying 0 resource
2019-02-12 15:18:52,700 [Worker-59: Building workspace] WARN  o.e.m.c.i.embedder.EclipseLogger - Using platform encoding (UTF-8 actually) to copy filtered resources, i.e. build is platform dependent!
2019-02-12 15:18:52,701 [Worker-59: Building workspace] INFO  o.e.m.c.i.embedder.EclipseLogger - Copying 1 resource
2019-02-12 15:18:52,702 [Worker-59: Building workspace] WARN  o.e.m.c.i.embedder.EclipseLogger - Using platform encoding (UTF-8 actually) to copy filtered resources, i.e. build is platform dependent!
2019-02-12 15:18:52,702 [Worker-59: Building workspace] INFO  o.e.m.c.i.embedder.EclipseLogger - Copying 0 resource
2019-02-12 15:19:14,913 [Worker-61: Building workspace] WARN  o.e.m.c.i.embedder.EclipseLogger - Using platform encoding (UTF-8 actually) to copy filtered resources, i.e. build is platform dependent!
2019-02-12 15:19:14,914 [Worker-61: Building workspace] INFO  o.e.m.c.i.embedder.EclipseLogger - Copying 1 resource
2019-02-12 15:19:14,914 [Worker-61: Building workspace] WARN  o.e.m.c.i.embedder.EclipseLogger - Using platform encoding (UTF-8 actually) to copy filtered resources, i.e. build is platform dependent!
2019-02-12 15:19:14,915 [Worker-61: Building workspace] INFO  o.e.m.c.i.embedder.EclipseLogger - Copying 0 resource
2019-02-12 15:19:58,326 [Worker-61: Building workspace] WARN  o.e.m.c.i.embedder.EclipseLogger - Using platform encoding (UTF-8 actually) to copy filtered resources, i.e. build is platform dependent!
2019-02-12 15:19:58,326 [Worker-61: Building workspace] INFO  o.e.m.c.i.embedder.EclipseLogger - Copying 1 resource
2019-02-12 15:19:58,327 [Worker-61: Building workspace] WARN  o.e.m.c.i.embedder.EclipseLogger - Using platform encoding (UTF-8 actually) to copy filtered resources, i.e. build is platform dependent!
2019-02-12 15:19:58,332 [Worker-61: Building workspace] INFO  o.e.m.c.i.embedder.EclipseLogger - Copying 0 resource
2019-02-12 15:20:14,097 [Worker-65: Building workspace] WARN  o.e.m.c.i.embedder.EclipseLogger - Using platform encoding (UTF-8 actually) to copy filtered resources, i.e. build is platform dependent!
2019-02-12 15:20:14,098 [Worker-65: Building workspace] INFO  o.e.m.c.i.embedder.EclipseLogger - Copying 1 resource
2019-02-12 15:20:14,099 [Worker-65: Building workspace] WARN  o.e.m.c.i.embedder.EclipseLogger - Using platform encoding (UTF-8 actually) to copy filtered resources, i.e. build is platform dependent!
2019-02-12 15:20:14,103 [Worker-65: Building workspace] INFO  o.e.m.c.i.embedder.EclipseLogger - Copying 0 resource
2019-02-12 15:20:50,411 [Worker-65: Building workspace] WARN  o.e.m.c.i.embedder.EclipseLogger - Using platform encoding (UTF-8 actually) to copy filtered resources, i.e. build is platform dependent!
2019-02-12 15:20:50,412 [Worker-65: Building workspace] INFO  o.e.m.c.i.embedder.EclipseLogger - Copying 1 resource
2019-02-12 15:20:50,414 [Worker-65: Building workspace] WARN  o.e.m.c.i.embedder.EclipseLogger - Using platform encoding (UTF-8 actually) to copy filtered resources, i.e. build is platform dependent!
2019-02-12 15:20:50,414 [Worker-65: Building workspace] INFO  o.e.m.c.i.embedder.EclipseLogger - Copying 0 resource
2019-02-12 15:21:11,924 [Worker-65: Building workspace] WARN  o.e.m.c.i.embedder.EclipseLogger - Using platform encoding (UTF-8 actually) to copy filtered resources, i.e. build is platform dependent!
2019-02-12 15:21:11,924 [Worker-65: Building workspace] INFO  o.e.m.c.i.embedder.EclipseLogger - Copying 1 resource
2019-02-12 15:21:11,925 [Worker-65: Building workspace] WARN  o.e.m.c.i.embedder.EclipseLogger - Using platform encoding (UTF-8 actually) to copy filtered resources, i.e. build is platform dependent!
2019-02-12 15:21:11,926 [Worker-65: Building workspace] INFO  o.e.m.c.i.embedder.EclipseLogger - Copying 0 resource
2019-02-12 15:21:23,596 [Worker-64: Building workspace] WARN  o.e.m.c.i.embedder.EclipseLogger - Using platform encoding (UTF-8 actually) to copy filtered resources, i.e. build is platform dependent!
2019-02-12 15:21:23,596 [Worker-64: Building workspace] INFO  o.e.m.c.i.embedder.EclipseLogger - Copying 1 resource
2019-02-12 15:21:23,597 [Worker-64: Building workspace] WARN  o.e.m.c.i.embedder.EclipseLogger - Using platform encoding (UTF-8 actually) to copy filtered resources, i.e. build is platform dependent!
2019-02-12 15:21:23,597 [Worker-64: Building workspace] INFO  o.e.m.c.i.embedder.EclipseLogger - Copying 0 resource
2019-02-12 15:30:49,791 [Worker-66: Building workspace] WARN  o.e.m.c.i.embedder.EclipseLogger - Using platform encoding (UTF-8 actually) to copy filtered resources, i.e. build is platform dependent!
2019-02-12 15:30:49,793 [Worker-66: Building workspace] INFO  o.e.m.c.i.embedder.EclipseLogger - Copying 1 resource
2019-02-12 15:30:49,794 [Worker-66: Building workspace] WARN  o.e.m.c.i.embedder.EclipseLogger - Using platform encoding (UTF-8 actually) to copy filtered resources, i.e. build is platform dependent!
2019-02-12 15:30:49,794 [Worker-66: Building workspace] INFO  o.e.m.c.i.embedder.EclipseLogger - Copying 0 resource
2019-02-12 15:31:02,634 [Worker-67: Building workspace] WARN  o.e.m.c.i.embedder.EclipseLogger - Using platform encoding (UTF-8 actually) to copy filtered resources, i.e. build is platform dependent!
2019-02-12 15:31:02,635 [Worker-67: Building workspace] INFO  o.e.m.c.i.embedder.EclipseLogger - Copying 1 resource
2019-02-12 15:31:02,636 [Worker-67: Building workspace] WARN  o.e.m.c.i.embedder.EclipseLogger - Using platform encoding (UTF-8 actually) to copy filtered resources, i.e. build is platform dependent!
2019-02-12 15:31:02,637 [Worker-67: Building workspace] INFO  o.e.m.c.i.embedder.EclipseLogger - Copying 0 resource
2019-02-12 15:31:07,744 [Worker-59: Launching Test (2)] WARN  o.e.m.c.i.embedder.EclipseLogger - Using platform encoding (UTF-8 actually) to copy filtered resources, i.e. build is platform dependent!
2019-02-12 15:31:07,745 [Worker-59: Launching Test (2)] INFO  o.e.m.c.i.embedder.EclipseLogger - Copying 1 resource
2019-02-12 15:31:07,746 [Worker-59: Launching Test (2)] WARN  o.e.m.c.i.embedder.EclipseLogger - Using platform encoding (UTF-8 actually) to copy filtered resources, i.e. build is platform dependent!
2019-02-12 15:31:07,747 [Worker-59: Launching Test (2)] INFO  o.e.m.c.i.embedder.EclipseLogger - Copying 0 resource
2019-02-12 15:31:21,065 [Worker-62: Building workspace] WARN  o.e.m.c.i.embedder.EclipseLogger - Using platform encoding (UTF-8 actually) to copy filtered resources, i.e. build is platform dependent!
2019-02-12 15:31:21,066 [Worker-62: Building workspace] INFO  o.e.m.c.i.embedder.EclipseLogger - Copying 1 resource
2019-02-12 15:31:21,067 [Worker-62: Building workspace] WARN  o.e.m.c.i.embedder.EclipseLogger - Using platform encoding (UTF-8 actually) to copy filtered resources, i.e. build is platform dependent!
2019-02-12 15:31:21,068 [Worker-62: Building workspace] INFO  o.e.m.c.i.embedder.EclipseLogger - Copying 0 resource
2019-02-12 15:31:39,067 [Worker-68: Building workspace] WARN  o.e.m.c.i.embedder.EclipseLogger - Using platform encoding (UTF-8 actually) to copy filtered resources, i.e. build is platform dependent!
2019-02-12 15:31:39,071 [Worker-68: Building workspace] INFO  o.e.m.c.i.embedder.EclipseLogger - Copying 1 resource
2019-02-12 15:31:39,072 [Worker-68: Building workspace] WARN  o.e.m.c.i.embedder.EclipseLogger - Using platform encoding (UTF-8 actually) to copy filtered resources, i.e. build is platform dependent!
2019-02-12 15:31:39,073 [Worker-68: Building workspace] INFO  o.e.m.c.i.embedder.EclipseLogger - Copying 0 resource
2019-02-12 15:32:03,938 [Worker-68: Building workspace] WARN  o.e.m.c.i.embedder.EclipseLogger - Using platform encoding (UTF-8 actually) to copy filtered resources, i.e. build is platform dependent!
2019-02-12 15:32:03,939 [Worker-68: Building workspace] INFO  o.e.m.c.i.embedder.EclipseLogger - Copying 1 resource
2019-02-12 15:32:03,940 [Worker-68: Building workspace] WARN  o.e.m.c.i.embedder.EclipseLogger - Using platform encoding (UTF-8 actually) to copy filtered resources, i.e. build is platform dependent!
2019-02-12 15:32:03,940 [Worker-68: Building workspace] INFO  o.e.m.c.i.embedder.EclipseLogger - Copying 0 resource
2019-02-12 15:33:00,146 [Worker-67: Building workspace] WARN  o.e.m.c.i.embedder.EclipseLogger - Using platform encoding (UTF-8 actually) to copy filtered resources, i.e. build is platform dependent!
2019-02-12 15:33:00,147 [Worker-67: Building workspace] INFO  o.e.m.c.i.embedder.EclipseLogger - Copying 1 resource
2019-02-12 15:33:00,148 [Worker-67: Building workspace] WARN  o.e.m.c.i.embedder.EclipseLogger - Using platform encoding (UTF-8 actually) to copy filtered resources, i.e. build is platform dependent!
2019-02-12 15:33:00,149 [Worker-67: Building workspace] INFO  o.e.m.c.i.embedder.EclipseLogger - Copying 0 resource
2019-02-12 15:36:13,245 [Worker-62: Building workspace] WARN  o.e.m.c.i.embedder.EclipseLogger - Using platform encoding (UTF-8 actually) to copy filtered resources, i.e. build is platform dependent!
2019-02-12 15:36:13,246 [Worker-62: Building workspace] INFO  o.e.m.c.i.embedder.EclipseLogger - Copying 1 resource
2019-02-12 15:36:13,247 [Worker-62: Building workspace] WARN  o.e.m.c.i.embedder.EclipseLogger - Using platform encoding (UTF-8 actually) to copy filtered resources, i.e. build is platform dependent!
2019-02-12 15:36:13,248 [Worker-62: Building workspace] INFO  o.e.m.c.i.embedder.EclipseLogger - Copying 0 resource
2019-02-12 15:36:33,978 [Worker-68: Building workspace] WARN  o.e.m.c.i.embedder.EclipseLogger - Using platform encoding (UTF-8 actually) to copy filtered resources, i.e. build is platform dependent!
2019-02-12 15:36:33,979 [Worker-68: Building workspace] INFO  o.e.m.c.i.embedder.EclipseLogger - Copying 1 resource
2019-02-12 15:36:33,979 [Worker-68: Building workspace] WARN  o.e.m.c.i.embedder.EclipseLogger - Using platform encoding (UTF-8 actually) to copy filtered resources, i.e. build is platform dependent!
2019-02-12 15:36:33,980 [Worker-68: Building workspace] INFO  o.e.m.c.i.embedder.EclipseLogger - Copying 0 resource
2019-02-12 15:39:15,931 [Worker-68: Building workspace] WARN  o.e.m.c.i.embedder.EclipseLogger - Using platform encoding (UTF-8 actually) to copy filtered resources, i.e. build is platform dependent!
2019-02-12 15:39:15,932 [Worker-68: Building workspace] INFO  o.e.m.c.i.embedder.EclipseLogger - Copying 1 resource
2019-02-12 15:39:15,932 [Worker-68: Building workspace] WARN  o.e.m.c.i.embedder.EclipseLogger - Using platform encoding (UTF-8 actually) to copy filtered resources, i.e. build is platform dependent!
2019-02-12 15:39:15,933 [Worker-68: Building workspace] INFO  o.e.m.c.i.embedder.EclipseLogger - Copying 0 resource
2019-02-12 15:39:27,013 [Worker-70: Building workspace] WARN  o.e.m.c.i.embedder.EclipseLogger - Using platform encoding (UTF-8 actually) to copy filtered resources, i.e. build is platform dependent!
2019-02-12 15:39:27,014 [Worker-70: Building workspace] INFO  o.e.m.c.i.embedder.EclipseLogger - Copying 1 resource
2019-02-12 15:39:27,014 [Worker-70: Building workspace] WARN  o.e.m.c.i.embedder.EclipseLogger - Using platform encoding (UTF-8 actually) to copy filtered resources, i.e. build is platform dependent!
2019-02-12 15:39:27,016 [Worker-70: Building workspace] INFO  o.e.m.c.i.embedder.EclipseLogger - Copying 0 resource
2019-02-12 15:39:59,209 [Worker-67: Building workspace] WARN  o.e.m.c.i.embedder.EclipseLogger - Using platform encoding (UTF-8 actually) to copy filtered resources, i.e. build is platform dependent!
2019-02-12 15:39:59,210 [Worker-67: Building workspace] INFO  o.e.m.c.i.embedder.EclipseLogger - Copying 1 resource
2019-02-12 15:39:59,211 [Worker-67: Building workspace] WARN  o.e.m.c.i.embedder.EclipseLogger - Using platform encoding (UTF-8 actually) to copy filtered resources, i.e. build is platform dependent!
2019-02-12 15:39:59,212 [Worker-67: Building workspace] INFO  o.e.m.c.i.embedder.EclipseLogger - Copying 0 resource
2019-02-12 15:40:19,670 [Worker-66: Building workspace] WARN  o.e.m.c.i.embedder.EclipseLogger - Using platform encoding (UTF-8 actually) to copy filtered resources, i.e. build is platform dependent!
2019-02-12 15:40:19,671 [Worker-66: Building workspace] INFO  o.e.m.c.i.embedder.EclipseLogger - Copying 1 resource
2019-02-12 15:40:19,672 [Worker-66: Building workspace] WARN  o.e.m.c.i.embedder.EclipseLogger - Using platform encoding (UTF-8 actually) to copy filtered resources, i.e. build is platform dependent!
2019-02-12 15:40:19,673 [Worker-66: Building workspace] INFO  o.e.m.c.i.embedder.EclipseLogger - Copying 0 resource
2019-02-12 15:40:26,888 [Worker-71: Building workspace] WARN  o.e.m.c.i.embedder.EclipseLogger - Using platform encoding (UTF-8 actually) to copy filtered resources, i.e. build is platform dependent!
2019-02-12 15:40:26,889 [Worker-71: Building workspace] INFO  o.e.m.c.i.embedder.EclipseLogger - Copying 1 resource
2019-02-12 15:40:26,890 [Worker-71: Building workspace] WARN  o.e.m.c.i.embedder.EclipseLogger - Using platform encoding (UTF-8 actually) to copy filtered resources, i.e. build is platform dependent!
2019-02-12 15:40:26,891 [Worker-71: Building workspace] INFO  o.e.m.c.i.embedder.EclipseLogger - Copying 0 resource
2019-02-12 15:42:03,706 [Worker-69: Creating project "Product-APP"] INFO  o.e.m.c.i.l.LifecycleMappingFactory - Using org.eclipse.m2e.jdt.JarLifecycleMapping lifecycle mapping for MavenProject: com.cts:Product-APP:0.0.1-SNAPSHOT @ /Users/praveen/Training/Cognizant/Spring Boot/Boot-WS/Product-APP/pom.xml.
2019-02-12 15:42:03,737 [Worker-69: Creating project "Product-APP"] INFO  o.e.m.j.i.AbstractJavaProjectConfigurator - Adding source folder /Product-APP/src/main/java
2019-02-12 15:42:03,737 [Worker-69: Creating project "Product-APP"] INFO  o.e.m.j.i.AbstractJavaProjectConfigurator - Adding resource folder /Product-APP/src/main/resources
2019-02-12 15:42:03,737 [Worker-69: Creating project "Product-APP"] INFO  o.e.m.j.i.AbstractJavaProjectConfigurator - Adding source folder /Product-APP/src/test/java
2019-02-12 15:42:03,737 [Worker-69: Creating project "Product-APP"] INFO  o.e.m.j.i.AbstractJavaProjectConfigurator - Adding resource folder /Product-APP/src/test/resources
2019-02-12 15:42:04,043 [Worker-69: Building workspace] WARN  o.e.m.c.i.embedder.EclipseLogger - Using platform encoding (UTF-8 actually) to copy filtered resources, i.e. build is platform dependent!
2019-02-12 15:42:04,043 [Worker-69: Building workspace] INFO  o.e.m.c.i.embedder.EclipseLogger - Copying 0 resource
2019-02-12 15:42:04,044 [Worker-69: Building workspace] WARN  o.e.m.c.i.embedder.EclipseLogger - Using platform encoding (UTF-8 actually) to copy filtered resources, i.e. build is platform dependent!
2019-02-12 15:42:04,044 [Worker-69: Building workspace] INFO  o.e.m.c.i.embedder.EclipseLogger - Copying 0 resource
2019-02-12 15:42:20,986 [Worker-71: Building workspace] INFO  o.e.m.c.i.l.LifecycleMappingFactory - Using org.eclipse.m2e.jdt.JarLifecycleMapping lifecycle mapping for MavenProject: com.cts:App1:0.0.1-SNAPSHOT @ /Users/praveen/Training/Cognizant/Spring Boot/Boot-WS/Product-APP/pom.xml.
2019-02-12 15:42:21,039 [Worker-71: Building workspace] WARN  o.e.m.c.i.embedder.EclipseLogger - Using platform encoding (UTF-8 actually) to copy filtered resources, i.e. build is platform dependent!
2019-02-12 15:42:21,039 [Worker-71: Building workspace] INFO  o.e.m.c.i.embedder.EclipseLogger - Copying 0 resource
2019-02-12 15:42:21,040 [Worker-71: Building workspace] WARN  o.e.m.c.i.embedder.EclipseLogger - Using platform encoding (UTF-8 actually) to copy filtered resources, i.e. build is platform dependent!
2019-02-12 15:42:21,041 [Worker-71: Building workspace] INFO  o.e.m.c.i.embedder.EclipseLogger - Copying 0 resource
2019-02-12 15:42:22,162 [Worker-71: Building workspace] WARN  o.e.m.c.i.embedder.EclipseLogger - Using platform encoding (UTF-8 actually) to copy filtered resources, i.e. build is platform dependent!
2019-02-12 15:42:22,163 [Worker-71: Building workspace] INFO  o.e.m.c.i.embedder.EclipseLogger - Copying 0 resource
2019-02-12 15:42:22,164 [Worker-71: Building workspace] WARN  o.e.m.c.i.embedder.EclipseLogger - Using platform encoding (UTF-8 actually) to copy filtered resources, i.e. build is platform dependent!
2019-02-12 15:42:22,165 [Worker-71: Building workspace] INFO  o.e.m.c.i.embedder.EclipseLogger - Copying 0 resource
2019-02-12 15:45:50,499 [Worker-62: Building workspace] WARN  o.e.m.c.i.embedder.EclipseLogger - Using platform encoding (UTF-8 actually) to copy filtered resources, i.e. build is platform dependent!
2019-02-12 15:45:50,500 [Worker-62: Building workspace] INFO  o.e.m.c.i.embedder.EclipseLogger - Copying 0 resource
2019-02-12 15:45:50,501 [Worker-62: Building workspace] WARN  o.e.m.c.i.embedder.EclipseLogger - Using platform encoding (UTF-8 actually) to copy filtered resources, i.e. build is platform dependent!
2019-02-12 15:45:50,501 [Worker-62: Building workspace] INFO  o.e.m.c.i.embedder.EclipseLogger - Copying 0 resource
2019-02-12 15:46:27,199 [Worker-69: Building workspace] WARN  o.e.m.c.i.embedder.EclipseLogger - Using platform encoding (UTF-8 actually) to copy filtered resources, i.e. build is platform dependent!
2019-02-12 15:46:27,200 [Worker-69: Building workspace] INFO  o.e.m.c.i.embedder.EclipseLogger - Copying 0 resource
2019-02-12 15:46:27,201 [Worker-69: Building workspace] WARN  o.e.m.c.i.embedder.EclipseLogger - Using platform encoding (UTF-8 actually) to copy filtered resources, i.e. build is platform dependent!
2019-02-12 15:46:27,202 [Worker-69: Building workspace] INFO  o.e.m.c.i.embedder.EclipseLogger - Copying 0 resource
2019-02-12 15:47:05,015 [Worker-68: Building workspace] WARN  o.e.m.c.i.embedder.EclipseLogger - Using platform encoding (UTF-8 actually) to copy filtered resources, i.e. build is platform dependent!
2019-02-12 15:47:05,016 [Worker-68: Building workspace] INFO  o.e.m.c.i.embedder.EclipseLogger - Copying 0 resource
2019-02-12 15:47:05,016 [Worker-68: Building workspace] WARN  o.e.m.c.i.embedder.EclipseLogger - Using platform encoding (UTF-8 actually) to copy filtered resources, i.e. build is platform dependent!
2019-02-12 15:47:05,018 [Worker-68: Building workspace] INFO  o.e.m.c.i.embedder.EclipseLogger - Copying 0 resource
2019-02-12 15:47:08,263 [Worker-73: Building workspace] WARN  o.e.m.c.i.embedder.EclipseLogger - Using platform encoding (UTF-8 actually) to copy filtered resources, i.e. build is platform dependent!
2019-02-12 15:47:08,264 [Worker-73: Building workspace] INFO  o.e.m.c.i.embedder.EclipseLogger - Copying 0 resource
2019-02-12 15:47:08,264 [Worker-73: Building workspace] WARN  o.e.m.c.i.embedder.EclipseLogger - Using platform encoding (UTF-8 actually) to copy filtered resources, i.e. build is platform dependent!
2019-02-12 15:47:08,266 [Worker-73: Building workspace] INFO  o.e.m.c.i.embedder.EclipseLogger - Copying 0 resource
2019-02-12 15:48:04,598 [Worker-68: Building workspace] WARN  o.e.m.c.i.embedder.EclipseLogger - Using platform encoding (UTF-8 actually) to copy filtered resources, i.e. build is platform dependent!
2019-02-12 15:48:04,599 [Worker-68: Building workspace] INFO  o.e.m.c.i.embedder.EclipseLogger - Copying 0 resource
2019-02-12 15:48:04,600 [Worker-68: Building workspace] WARN  o.e.m.c.i.embedder.EclipseLogger - Using platform encoding (UTF-8 actually) to copy filtered resources, i.e. build is platform dependent!
2019-02-12 15:48:04,601 [Worker-68: Building workspace] INFO  o.e.m.c.i.embedder.EclipseLogger - Copying 0 resource
2019-02-12 15:48:44,619 [Worker-62: Building workspace] WARN  o.e.m.c.i.embedder.EclipseLogger - Using platform encoding (UTF-8 actually) to copy filtered resources, i.e. build is platform dependent!
2019-02-12 15:48:44,620 [Worker-62: Building workspace] INFO  o.e.m.c.i.embedder.EclipseLogger - Copying 0 resource
2019-02-12 15:48:44,621 [Worker-62: Building workspace] WARN  o.e.m.c.i.embedder.EclipseLogger - Using platform encoding (UTF-8 actually) to copy filtered resources, i.e. build is platform dependent!
2019-02-12 15:48:44,623 [Worker-62: Building workspace] INFO  o.e.m.c.i.embedder.EclipseLogger - Copying 0 resource
2019-02-12 15:49:46,599 [Worker-67: Building workspace] WARN  o.e.m.c.i.embedder.EclipseLogger - Using platform encoding (UTF-8 actually) to copy filtered resources, i.e. build is platform dependent!
2019-02-12 15:49:46,600 [Worker-67: Building workspace] INFO  o.e.m.c.i.embedder.EclipseLogger - Copying 0 resource
2019-02-12 15:49:46,600 [Worker-67: Building workspace] WARN  o.e.m.c.i.embedder.EclipseLogger - Using platform encoding (UTF-8 actually) to copy filtered resources, i.e. build is platform dependent!
2019-02-12 15:49:46,602 [Worker-67: Building workspace] INFO  o.e.m.c.i.embedder.EclipseLogger - Copying 0 resource
2019-02-12 15:50:29,865 [Worker-68: Building workspace] WARN  o.e.m.c.i.embedder.EclipseLogger - Using platform encoding (UTF-8 actually) to copy filtered resources, i.e. build is platform dependent!
2019-02-12 15:50:29,866 [Worker-68: Building workspace] INFO  o.e.m.c.i.embedder.EclipseLogger - Copying 0 resource
2019-02-12 15:50:29,867 [Worker-68: Building workspace] WARN  o.e.m.c.i.embedder.EclipseLogger - Using platform encoding (UTF-8 actually) to copy filtered resources, i.e. build is platform dependent!
2019-02-12 15:50:29,868 [Worker-68: Building workspace] INFO  o.e.m.c.i.embedder.EclipseLogger - Copying 0 resource
2019-02-12 15:51:26,575 [Worker-62: Building workspace] WARN  o.e.m.c.i.embedder.EclipseLogger - Using platform encoding (UTF-8 actually) to copy filtered resources, i.e. build is platform dependent!
2019-02-12 15:51:26,576 [Worker-62: Building workspace] INFO  o.e.m.c.i.embedder.EclipseLogger - Copying 0 resource
2019-02-12 15:51:26,577 [Worker-62: Building workspace] WARN  o.e.m.c.i.embedder.EclipseLogger - Using platform encoding (UTF-8 actually) to copy filtered resources, i.e. build is platform dependent!
2019-02-12 15:51:26,578 [Worker-62: Building workspace] INFO  o.e.m.c.i.embedder.EclipseLogger - Copying 0 resource
2019-02-12 15:51:30,314 [Worker-69: Building workspace] WARN  o.e.m.c.i.embedder.EclipseLogger - Using platform encoding (UTF-8 actually) to copy filtered resources, i.e. build is platform dependent!
2019-02-12 15:51:30,315 [Worker-69: Building workspace] INFO  o.e.m.c.i.embedder.EclipseLogger - Copying 0 resource
2019-02-12 15:51:30,316 [Worker-69: Building workspace] WARN  o.e.m.c.i.embedder.EclipseLogger - Using platform encoding (UTF-8 actually) to copy filtered resources, i.e. build is platform dependent!
2019-02-12 15:51:30,317 [Worker-69: Building workspace] INFO  o.e.m.c.i.embedder.EclipseLogger - Copying 0 resource
2019-02-12 15:51:31,631 [Worker-75: Building workspace] WARN  o.e.m.c.i.embedder.EclipseLogger - Using platform encoding (UTF-8 actually) to copy filtered resources, i.e. build is platform dependent!
2019-02-12 15:51:31,632 [Worker-75: Building workspace] INFO  o.e.m.c.i.embedder.EclipseLogger - Copying 0 resource
2019-02-12 15:51:31,634 [Worker-75: Building workspace] WARN  o.e.m.c.i.embedder.EclipseLogger - Using platform encoding (UTF-8 actually) to copy filtered resources, i.e. build is platform dependent!
2019-02-12 15:51:31,635 [Worker-75: Building workspace] INFO  o.e.m.c.i.embedder.EclipseLogger - Copying 0 resource
2019-02-12 15:51:59,006 [Worker-73: Building workspace] WARN  o.e.m.c.i.embedder.EclipseLogger - Using platform encoding (UTF-8 actually) to copy filtered resources, i.e. build is platform dependent!
2019-02-12 15:51:59,007 [Worker-73: Building workspace] INFO  o.e.m.c.i.embedder.EclipseLogger - Copying 0 resource
2019-02-12 15:51:59,008 [Worker-73: Building workspace] WARN  o.e.m.c.i.embedder.EclipseLogger - Using platform encoding (UTF-8 actually) to copy filtered resources, i.e. build is platform dependent!
2019-02-12 15:51:59,008 [Worker-73: Building workspace] INFO  o.e.m.c.i.embedder.EclipseLogger - Copying 0 resource
2019-02-12 15:52:23,202 [Worker-73: Building workspace] WARN  o.e.m.c.i.embedder.EclipseLogger - Using platform encoding (UTF-8 actually) to copy filtered resources, i.e. build is platform dependent!
2019-02-12 15:52:23,203 [Worker-73: Building workspace] INFO  o.e.m.c.i.embedder.EclipseLogger - Copying 0 resource
2019-02-12 15:52:23,218 [Worker-73: Building workspace] WARN  o.e.m.c.i.embedder.EclipseLogger - Using platform encoding (UTF-8 actually) to copy filtered resources, i.e. build is platform dependent!
2019-02-12 15:52:23,219 [Worker-73: Building workspace] INFO  o.e.m.c.i.embedder.EclipseLogger - Copying 0 resource
2019-02-12 15:52:40,979 [Worker-62: Building workspace] WARN  o.e.m.c.i.embedder.EclipseLogger - Using platform encoding (UTF-8 actually) to copy filtered resources, i.e. build is platform dependent!
2019-02-12 15:52:40,980 [Worker-62: Building workspace] INFO  o.e.m.c.i.embedder.EclipseLogger - Copying 0 resource
2019-02-12 15:52:40,981 [Worker-62: Building workspace] WARN  o.e.m.c.i.embedder.EclipseLogger - Using platform encoding (UTF-8 actually) to copy filtered resources, i.e. build is platform dependent!
2019-02-12 15:52:40,982 [Worker-62: Building workspace] INFO  o.e.m.c.i.embedder.EclipseLogger - Copying 0 resource
2019-02-12 15:52:49,680 [Worker-73: Building workspace] WARN  o.e.m.c.i.embedder.EclipseLogger - Using platform encoding (UTF-8 actually) to copy filtered resources, i.e. build is platform dependent!
2019-02-12 15:52:49,681 [Worker-73: Building workspace] INFO  o.e.m.c.i.embedder.EclipseLogger - Copying 0 resource
2019-02-12 15:52:49,681 [Worker-73: Building workspace] WARN  o.e.m.c.i.embedder.EclipseLogger - Using platform encoding (UTF-8 actually) to copy filtered resources, i.e. build is platform dependent!
2019-02-12 15:52:49,682 [Worker-73: Building workspace] INFO  o.e.m.c.i.embedder.EclipseLogger - Copying 0 resource
2019-02-12 15:53:16,865 [Worker-74: Building workspace] WARN  o.e.m.c.i.embedder.EclipseLogger - Using platform encoding (UTF-8 actually) to copy filtered resources, i.e. build is platform dependent!
2019-02-12 15:53:16,866 [Worker-74: Building workspace] INFO  o.e.m.c.i.embedder.EclipseLogger - Copying 0 resource
2019-02-12 15:53:16,866 [Worker-74: Building workspace] WARN  o.e.m.c.i.embedder.EclipseLogger - Using platform encoding (UTF-8 actually) to copy filtered resources, i.e. build is platform dependent!
2019-02-12 15:53:16,869 [Worker-74: Building workspace] INFO  o.e.m.c.i.embedder.EclipseLogger - Copying 0 resource
2019-02-12 15:53:33,910 [Worker-68: Building workspace] WARN  o.e.m.c.i.embedder.EclipseLogger - Using platform encoding (UTF-8 actually) to copy filtered resources, i.e. build is platform dependent!
2019-02-12 15:53:33,911 [Worker-68: Building workspace] INFO  o.e.m.c.i.embedder.EclipseLogger - Copying 0 resource
2019-02-12 15:53:33,911 [Worker-68: Building workspace] WARN  o.e.m.c.i.embedder.EclipseLogger - Using platform encoding (UTF-8 actually) to copy filtered resources, i.e. build is platform dependent!
2019-02-12 15:53:33,912 [Worker-68: Building workspace] INFO  o.e.m.c.i.embedder.EclipseLogger - Copying 0 resource
2019-02-12 15:53:45,724 [Worker-73: Building workspace] WARN  o.e.m.c.i.embedder.EclipseLogger - Using platform encoding (UTF-8 actually) to copy filtered resources, i.e. build is platform dependent!
2019-02-12 15:53:45,725 [Worker-73: Building workspace] INFO  o.e.m.c.i.embedder.EclipseLogger - Copying 0 resource
2019-02-12 15:53:45,725 [Worker-73: Building workspace] WARN  o.e.m.c.i.embedder.EclipseLogger - Using platform encoding (UTF-8 actually) to copy filtered resources, i.e. build is platform dependent!
2019-02-12 15:53:45,728 [Worker-73: Building workspace] INFO  o.e.m.c.i.embedder.EclipseLogger - Copying 0 resource
2019-02-12 15:54:03,783 [Worker-67: Building workspace] WARN  o.e.m.c.i.embedder.EclipseLogger - Using platform encoding (UTF-8 actually) to copy filtered resources, i.e. build is platform dependent!
2019-02-12 15:54:03,783 [Worker-67: Building workspace] INFO  o.e.m.c.i.embedder.EclipseLogger - Copying 0 resource
2019-02-12 15:54:03,784 [Worker-67: Building workspace] WARN  o.e.m.c.i.embedder.EclipseLogger - Using platform encoding (UTF-8 actually) to copy filtered resources, i.e. build is platform dependent!
2019-02-12 15:54:03,786 [Worker-67: Building workspace] INFO  o.e.m.c.i.embedder.EclipseLogger - Copying 0 resource
2019-02-12 15:54:09,710 [Worker-68: Building workspace] WARN  o.e.m.c.i.embedder.EclipseLogger - Using platform encoding (UTF-8 actually) to copy filtered resources, i.e. build is platform dependent!
2019-02-12 15:54:09,711 [Worker-68: Building workspace] INFO  o.e.m.c.i.embedder.EclipseLogger - Copying 0 resource
2019-02-12 15:54:09,712 [Worker-68: Building workspace] WARN  o.e.m.c.i.embedder.EclipseLogger - Using platform encoding (UTF-8 actually) to copy filtered resources, i.e. build is platform dependent!
2019-02-12 15:54:09,714 [Worker-68: Building workspace] INFO  o.e.m.c.i.embedder.EclipseLogger - Copying 0 resource
2019-02-12 15:54:22,640 [Worker-75: Building workspace] WARN  o.e.m.c.i.embedder.EclipseLogger - Using platform encoding (UTF-8 actually) to copy filtered resources, i.e. build is platform dependent!
2019-02-12 15:54:22,641 [Worker-75: Building workspace] INFO  o.e.m.c.i.embedder.EclipseLogger - Copying 0 resource
2019-02-12 15:54:22,641 [Worker-75: Building workspace] WARN  o.e.m.c.i.embedder.EclipseLogger - Using platform encoding (UTF-8 actually) to copy filtered resources, i.e. build is platform dependent!
2019-02-12 15:54:22,642 [Worker-75: Building workspace] INFO  o.e.m.c.i.embedder.EclipseLogger - Copying 0 resource
2019-02-12 15:54:45,137 [Worker-62: Building workspace] WARN  o.e.m.c.i.embedder.EclipseLogger - Using platform encoding (UTF-8 actually) to copy filtered resources, i.e. build is platform dependent!
2019-02-12 15:54:45,137 [Worker-62: Building workspace] INFO  o.e.m.c.i.embedder.EclipseLogger - Copying 0 resource
2019-02-12 15:54:45,138 [Worker-62: Building workspace] WARN  o.e.m.c.i.embedder.EclipseLogger - Using platform encoding (UTF-8 actually) to copy filtered resources, i.e. build is platform dependent!
2019-02-12 15:54:45,139 [Worker-62: Building workspace] INFO  o.e.m.c.i.embedder.EclipseLogger - Copying 0 resource
2019-02-12 15:54:47,180 [Worker-74: Building workspace] WARN  o.e.m.c.i.embedder.EclipseLogger - Using platform encoding (UTF-8 actually) to copy filtered resources, i.e. build is platform dependent!
2019-02-12 15:54:47,181 [Worker-74: Building workspace] INFO  o.e.m.c.i.embedder.EclipseLogger - Copying 0 resource
2019-02-12 15:54:47,182 [Worker-74: Building workspace] WARN  o.e.m.c.i.embedder.EclipseLogger - Using platform encoding (UTF-8 actually) to copy filtered resources, i.e. build is platform dependent!
2019-02-12 15:54:47,184 [Worker-74: Building workspace] INFO  o.e.m.c.i.embedder.EclipseLogger - Copying 0 resource
2019-02-12 15:55:04,403 [Worker-75: Building workspace] WARN  o.e.m.c.i.embedder.EclipseLogger - Using platform encoding (UTF-8 actually) to copy filtered resources, i.e. build is platform dependent!
2019-02-12 15:55:04,404 [Worker-75: Building workspace] INFO  o.e.m.c.i.embedder.EclipseLogger - Copying 0 resource
2019-02-12 15:55:04,404 [Worker-75: Building workspace] WARN  o.e.m.c.i.embedder.EclipseLogger - Using platform encoding (UTF-8 actually) to copy filtered resources, i.e. build is platform dependent!
2019-02-12 15:55:04,406 [Worker-75: Building workspace] INFO  o.e.m.c.i.embedder.EclipseLogger - Copying 0 resource
2019-02-12 15:55:09,393 [Worker-74: Building workspace] WARN  o.e.m.c.i.embedder.EclipseLogger - Using platform encoding (UTF-8 actually) to copy filtered resources, i.e. build is platform dependent!
2019-02-12 15:55:09,394 [Worker-74: Building workspace] INFO  o.e.m.c.i.embedder.EclipseLogger - Copying 0 resource
2019-02-12 15:55:09,394 [Worker-74: Building workspace] WARN  o.e.m.c.i.embedder.EclipseLogger - Using platform encoding (UTF-8 actually) to copy filtered resources, i.e. build is platform dependent!
2019-02-12 15:55:09,395 [Worker-74: Building workspace] INFO  o.e.m.c.i.embedder.EclipseLogger - Copying 0 resource
2019-02-12 15:55:35,926 [Worker-69: Building workspace] WARN  o.e.m.c.i.embedder.EclipseLogger - Using platform encoding (UTF-8 actually) to copy filtered resources, i.e. build is platform dependent!
2019-02-12 15:55:35,927 [Worker-69: Building workspace] INFO  o.e.m.c.i.embedder.EclipseLogger - Copying 0 resource
2019-02-12 15:55:35,928 [Worker-69: Building workspace] WARN  o.e.m.c.i.embedder.EclipseLogger - Using platform encoding (UTF-8 actually) to copy filtered resources, i.e. build is platform dependent!
2019-02-12 15:55:35,929 [Worker-69: Building workspace] INFO  o.e.m.c.i.embedder.EclipseLogger - Copying 0 resource
2019-02-12 15:56:23,387 [Worker-73: Building workspace] WARN  o.e.m.c.i.embedder.EclipseLogger - Using platform encoding (UTF-8 actually) to copy filtered resources, i.e. build is platform dependent!
2019-02-12 15:56:23,387 [Worker-73: Building workspace] INFO  o.e.m.c.i.embedder.EclipseLogger - Copying 0 resource
2019-02-12 15:56:23,388 [Worker-73: Building workspace] WARN  o.e.m.c.i.embedder.EclipseLogger - Using platform encoding (UTF-8 actually) to copy filtered resources, i.e. build is platform dependent!
2019-02-12 15:56:23,390 [Worker-73: Building workspace] INFO  o.e.m.c.i.embedder.EclipseLogger - Copying 0 resource
2019-02-12 15:56:45,723 [Worker-67: Building workspace] WARN  o.e.m.c.i.embedder.EclipseLogger - Using platform encoding (UTF-8 actually) to copy filtered resources, i.e. build is platform dependent!
2019-02-12 15:56:45,724 [Worker-67: Building workspace] INFO  o.e.m.c.i.embedder.EclipseLogger - Copying 0 resource
2019-02-12 15:56:45,725 [Worker-67: Building workspace] WARN  o.e.m.c.i.embedder.EclipseLogger - Using platform encoding (UTF-8 actually) to copy filtered resources, i.e. build is platform dependent!
2019-02-12 15:56:45,727 [Worker-67: Building workspace] INFO  o.e.m.c.i.embedder.EclipseLogger - Copying 0 resource
2019-02-12 15:57:41,422 [Worker-69: Building workspace] WARN  o.e.m.c.i.embedder.EclipseLogger - Using platform encoding (UTF-8 actually) to copy filtered resources, i.e. build is platform dependent!
2019-02-12 15:57:41,423 [Worker-69: Building workspace] INFO  o.e.m.c.i.embedder.EclipseLogger - Copying 0 resource
2019-02-12 15:57:41,423 [Worker-69: Building workspace] WARN  o.e.m.c.i.embedder.EclipseLogger - Using platform encoding (UTF-8 actually) to copy filtered resources, i.e. build is platform dependent!
2019-02-12 15:57:41,424 [Worker-69: Building workspace] INFO  o.e.m.c.i.embedder.EclipseLogger - Copying 0 resource
2019-02-12 15:57:59,635 [Worker-74: Building workspace] WARN  o.e.m.c.i.embedder.EclipseLogger - Using platform encoding (UTF-8 actually) to copy filtered resources, i.e. build is platform dependent!
2019-02-12 15:57:59,636 [Worker-74: Building workspace] INFO  o.e.m.c.i.embedder.EclipseLogger - Copying 1 resource
2019-02-12 15:57:59,637 [Worker-74: Building workspace] WARN  o.e.m.c.i.embedder.EclipseLogger - Using platform encoding (UTF-8 actually) to copy filtered resources, i.e. build is platform dependent!
2019-02-12 15:57:59,641 [Worker-74: Building workspace] INFO  o.e.m.c.i.embedder.EclipseLogger - Copying 0 resource
2019-02-12 15:58:00,651 [Worker-75: Building workspace] WARN  o.e.m.c.i.embedder.EclipseLogger - Using platform encoding (UTF-8 actually) to copy filtered resources, i.e. build is platform dependent!
2019-02-12 15:58:00,651 [Worker-75: Building workspace] INFO  o.e.m.c.i.embedder.EclipseLogger - Copying 0 resource
2019-02-12 15:58:00,652 [Worker-75: Building workspace] WARN  o.e.m.c.i.embedder.EclipseLogger - Using platform encoding (UTF-8 actually) to copy filtered resources, i.e. build is platform dependent!
2019-02-12 15:58:00,653 [Worker-75: Building workspace] INFO  o.e.m.c.i.embedder.EclipseLogger - Copying 0 resource
2019-02-12 15:58:39,491 [Worker-73: Building workspace] WARN  o.e.m.c.i.embedder.EclipseLogger - Using platform encoding (UTF-8 actually) to copy filtered resources, i.e. build is platform dependent!
2019-02-12 15:58:39,492 [Worker-73: Building workspace] INFO  o.e.m.c.i.embedder.EclipseLogger - Copying 1 resource
2019-02-12 15:58:39,492 [Worker-73: Building workspace] WARN  o.e.m.c.i.embedder.EclipseLogger - Using platform encoding (UTF-8 actually) to copy filtered resources, i.e. build is platform dependent!
2019-02-12 15:58:39,497 [Worker-73: Building workspace] INFO  o.e.m.c.i.embedder.EclipseLogger - Copying 0 resource
2019-02-12 15:59:37,078 [Worker-73: Building workspace] WARN  o.e.m.c.i.embedder.EclipseLogger - Using platform encoding (UTF-8 actually) to copy filtered resources, i.e. build is platform dependent!
2019-02-12 15:59:37,079 [Worker-73: Building workspace] INFO  o.e.m.c.i.embedder.EclipseLogger - Copying 1 resource
2019-02-12 15:59:37,079 [Worker-73: Building workspace] WARN  o.e.m.c.i.embedder.EclipseLogger - Using platform encoding (UTF-8 actually) to copy filtered resources, i.e. build is platform dependent!
2019-02-12 15:59:37,081 [Worker-73: Building workspace] INFO  o.e.m.c.i.embedder.EclipseLogger - Copying 0 resource
